INFO:[08/24/2023 04:36:46 PM]: Cnaes.zip
INFO:[08/24/2023 04:36:46 PM]: Empresas0.zip
INFO:[08/24/2023 04:36:46 PM]: Empresas1.zip
INFO:[08/24/2023 04:36:46 PM]: Empresas2.zip
INFO:[08/24/2023 04:36:46 PM]: Empresas3.zip
INFO:[08/24/2023 04:36:46 PM]: Empresas4.zip
INFO:[08/24/2023 04:36:46 PM]: Empresas5.zip
INFO:[08/24/2023 04:36:46 PM]: Empresas6.zip
INFO:[08/24/2023 04:36:46 PM]: Empresas7.zip
INFO:[08/24/2023 04:36:46 PM]: Empresas8.zip
INFO:[08/24/2023 04:36:46 PM]: Empresas9.zip
INFO:[08/24/2023 04:36:46 PM]: Estabelecimentos0.zip
INFO:[08/24/2023 04:36:46 PM]: Estabelecimentos1.zip
INFO:[08/24/2023 04:36:46 PM]: Estabelecimentos2.zip
INFO:[08/24/2023 04:36:46 PM]: Estabelecimentos3.zip
INFO:[08/24/2023 04:36:46 PM]: Estabelecimentos4.zip
INFO:[08/24/2023 04:36:46 PM]: Estabelecimentos5.zip
INFO:[08/24/2023 04:36:46 PM]: Estabelecimentos6.zip
INFO:[08/24/2023 04:36:46 PM]: Estabelecimentos7.zip
INFO:[08/24/2023 04:36:46 PM]: Estabelecimentos8.zip
INFO:[08/24/2023 04:36:46 PM]: Estabelecimentos9.zip
INFO:[08/24/2023 04:36:46 PM]: Motivos.zip
INFO:[08/24/2023 04:36:46 PM]: Municipios.zip
INFO:[08/24/2023 04:36:46 PM]: Naturezas.zip
INFO:[08/24/2023 04:36:46 PM]: Paises.zip
INFO:[08/24/2023 04:36:46 PM]: Qualificacoes.zip
INFO:[08/24/2023 04:36:46 PM]: Simples.zip
INFO:[08/24/2023 04:36:46 PM]: Socios0.zip
INFO:[08/24/2023 04:36:46 PM]: Socios1.zip
INFO:[08/24/2023 04:36:46 PM]: Socios2.zip
INFO:[08/24/2023 04:36:46 PM]: Socios3.zip
INFO:[08/24/2023 04:36:46 PM]: Socios4.zip
INFO:[08/24/2023 04:36:46 PM]: Socios5.zip
INFO:[08/24/2023 04:36:46 PM]: Socios6.zip
INFO:[08/24/2023 04:36:46 PM]: Socios7.zip
INFO:[08/24/2023 04:36:46 PM]: Socios8.zip
INFO:[08/24/2023 04:36:46 PM]: Socios9.zip
INFO:[08/24/2023 04:36:49 PM]: O arquivo D:\13_Proj\Projeto_ETL_RFB_IBGE_ANP\files\dados_rfb\OUTPUT_FILES\Cnaes.zip foi baixado com sucesso.
INFO:[08/24/2023 04:36:50 PM]: ... (baixar_arq_rfb_estab) executada para download no arquivo/tabela (Cnaes.zip) 
Com tempo de (00:00:00)h:mim:s ...
INFO:[08/24/2023 05:37:44 PM]: O arquivo D:\13_Proj\Projeto_ETL_RFB_IBGE_ANP\files\dados_rfb\OUTPUT_FILES\Empresas0.zip foi baixado com sucesso.
INFO:[08/24/2023 05:37:44 PM]: ... (baixar_arq_rfb_estab) executada para download no arquivo/tabela (Empresas0.zip) 
Com tempo de (01:00:54)h:mim:s ...
INFO:[08/24/2023 05:47:25 PM]: O arquivo D:\13_Proj\Projeto_ETL_RFB_IBGE_ANP\files\dados_rfb\OUTPUT_FILES\Empresas1.zip foi baixado com sucesso.
INFO:[08/24/2023 05:47:25 PM]: ... (baixar_arq_rfb_estab) executada para download no arquivo/tabela (Empresas1.zip) 
Com tempo de (00:09:40)h:mim:s ...
INFO:[08/24/2023 06:04:50 PM]: O arquivo D:\13_Proj\Projeto_ETL_RFB_IBGE_ANP\files\dados_rfb\OUTPUT_FILES\Empresas2.zip foi baixado com sucesso.
INFO:[08/24/2023 06:04:50 PM]: ... (baixar_arq_rfb_estab) executada para download no arquivo/tabela (Empresas2.zip) 
Com tempo de (00:17:25)h:mim:s ...
ERROR:[08/24/2023 06:12:07 PM]: 
 !!!!!!!!!!!!!!!!!!!!!!!!!!!!!!!!!!!!!!!!!!!!!!!!!!!!!!!!!!!!!!!!!!!!!!!!!!!!!!!!!!!!!!!!!!!!!!!!!!!!!!!!!!!!
(download_arquiv_barprogress) finalizada com erro abaixo: 
 (('Connection broken: IncompleteRead(4005921 bytes read, 81157272 more expected)', IncompleteRead(4005921 bytes read, 81157272 more expected)))
 !!!!!!!!!!!!!!!!!!!!!!!!!!!!!!!!!!!!!!!!!!!!!!!!!!!!!!!!!!!!!!!!!!!!!!!!!!!!!!!!!!!!!!!!!!!!!!!!!!!!!!!!!!!!
Traceback (most recent call last):
  File "D:\13_Proj\Projeto_ETL_RFB_IBGE_ANP\venv\Lib\site-packages\urllib3\response.py", line 710, in _error_catcher
    yield
  File "D:\13_Proj\Projeto_ETL_RFB_IBGE_ANP\venv\Lib\site-packages\urllib3\response.py", line 835, in _raw_read
    raise IncompleteRead(self._fp_bytes_read, self.length_remaining)
urllib3.exceptions.IncompleteRead: IncompleteRead(4005921 bytes read, 81157272 more expected)

The above exception was the direct cause of the following exception:

Traceback (most recent call last):
  File "D:\13_Proj\Projeto_ETL_RFB_IBGE_ANP\venv\Lib\site-packages\requests\models.py", line 816, in generate
    yield from self.raw.stream(chunk_size, decode_content=True)
  File "D:\13_Proj\Projeto_ETL_RFB_IBGE_ANP\venv\Lib\site-packages\urllib3\response.py", line 940, in stream
    data = self.read(amt=amt, decode_content=decode_content)
           ^^^^^^^^^^^^^^^^^^^^^^^^^^^^^^^^^^^^^^^^^^^^^^^^^
  File "D:\13_Proj\Projeto_ETL_RFB_IBGE_ANP\venv\Lib\site-packages\urllib3\response.py", line 911, in read
    data = self._raw_read(amt)
           ^^^^^^^^^^^^^^^^^^^
  File "D:\13_Proj\Projeto_ETL_RFB_IBGE_ANP\venv\Lib\site-packages\urllib3\response.py", line 813, in _raw_read
    with self._error_catcher():
  File "D:\06_Programas\Python\Python311\Lib\contextlib.py", line 155, in __exit__
    self.gen.throw(typ, value, traceback)
  File "D:\13_Proj\Projeto_ETL_RFB_IBGE_ANP\venv\Lib\site-packages\urllib3\response.py", line 727, in _error_catcher
    raise ProtocolError(f"Connection broken: {e!r}", e) from e
urllib3.exceptions.ProtocolError: ('Connection broken: IncompleteRead(4005921 bytes read, 81157272 more expected)', IncompleteRead(4005921 bytes read, 81157272 more expected))

During handling of the above exception, another exception occurred:

Traceback (most recent call last):
  File "d:\13_Proj\Projeto_ETL_RFB_IBGE_ANP\src\B_Def_Global.py", line 489, in download_arquiv_barprogress
    for data in response.iter_content(chunk_size=1024):
  File "D:\13_Proj\Projeto_ETL_RFB_IBGE_ANP\venv\Lib\site-packages\requests\models.py", line 818, in generate
    raise ChunkedEncodingError(e)
requests.exceptions.ChunkedEncodingError: ('Connection broken: IncompleteRead(4005921 bytes read, 81157272 more expected)', IncompleteRead(4005921 bytes read, 81157272 more expected))
INFO:[08/24/2023 06:12:07 PM]: ... (baixar_arq_rfb_estab) executada para download no arquivo/tabela (Empresas3.zip) 
Com tempo de (00:07:16)h:mim:s ...
ERROR:[08/24/2023 06:13:51 PM]: 
 !!!!!!!!!!!!!!!!!!!!!!!!!!!!!!!!!!!!!!!!!!!!!!!!!!!!!!!!!!!!!!!!!!!!!!!!!!!!!!!!!!!!!!!!!!!!!!!!!!!!!!!!!!!!
(download_arquiv_barprogress) finalizada com erro abaixo: 
 (('Connection broken: IncompleteRead(366141 bytes read, 90130155 more expected)', IncompleteRead(366141 bytes read, 90130155 more expected)))
 !!!!!!!!!!!!!!!!!!!!!!!!!!!!!!!!!!!!!!!!!!!!!!!!!!!!!!!!!!!!!!!!!!!!!!!!!!!!!!!!!!!!!!!!!!!!!!!!!!!!!!!!!!!!
Traceback (most recent call last):
  File "D:\13_Proj\Projeto_ETL_RFB_IBGE_ANP\venv\Lib\site-packages\urllib3\response.py", line 710, in _error_catcher
    yield
  File "D:\13_Proj\Projeto_ETL_RFB_IBGE_ANP\venv\Lib\site-packages\urllib3\response.py", line 835, in _raw_read
    raise IncompleteRead(self._fp_bytes_read, self.length_remaining)
urllib3.exceptions.IncompleteRead: IncompleteRead(366141 bytes read, 90130155 more expected)

The above exception was the direct cause of the following exception:

Traceback (most recent call last):
  File "D:\13_Proj\Projeto_ETL_RFB_IBGE_ANP\venv\Lib\site-packages\requests\models.py", line 816, in generate
    yield from self.raw.stream(chunk_size, decode_content=True)
  File "D:\13_Proj\Projeto_ETL_RFB_IBGE_ANP\venv\Lib\site-packages\urllib3\response.py", line 940, in stream
    data = self.read(amt=amt, decode_content=decode_content)
           ^^^^^^^^^^^^^^^^^^^^^^^^^^^^^^^^^^^^^^^^^^^^^^^^^
  File "D:\13_Proj\Projeto_ETL_RFB_IBGE_ANP\venv\Lib\site-packages\urllib3\response.py", line 911, in read
    data = self._raw_read(amt)
           ^^^^^^^^^^^^^^^^^^^
  File "D:\13_Proj\Projeto_ETL_RFB_IBGE_ANP\venv\Lib\site-packages\urllib3\response.py", line 813, in _raw_read
    with self._error_catcher():
  File "D:\06_Programas\Python\Python311\Lib\contextlib.py", line 155, in __exit__
    self.gen.throw(typ, value, traceback)
  File "D:\13_Proj\Projeto_ETL_RFB_IBGE_ANP\venv\Lib\site-packages\urllib3\response.py", line 727, in _error_catcher
    raise ProtocolError(f"Connection broken: {e!r}", e) from e
urllib3.exceptions.ProtocolError: ('Connection broken: IncompleteRead(366141 bytes read, 90130155 more expected)', IncompleteRead(366141 bytes read, 90130155 more expected))

During handling of the above exception, another exception occurred:

Traceback (most recent call last):
  File "d:\13_Proj\Projeto_ETL_RFB_IBGE_ANP\src\B_Def_Global.py", line 489, in download_arquiv_barprogress
    for data in response.iter_content(chunk_size=1024):
  File "D:\13_Proj\Projeto_ETL_RFB_IBGE_ANP\venv\Lib\site-packages\requests\models.py", line 818, in generate
    raise ChunkedEncodingError(e)
requests.exceptions.ChunkedEncodingError: ('Connection broken: IncompleteRead(366141 bytes read, 90130155 more expected)', IncompleteRead(366141 bytes read, 90130155 more expected))
INFO:[08/24/2023 06:13:51 PM]: ... (baixar_arq_rfb_estab) executada para download no arquivo/tabela (Empresas4.zip) 
Com tempo de (00:01:43)h:mim:s ...
INFO:[08/24/2023 06:33:07 PM]: O arquivo D:\13_Proj\Projeto_ETL_RFB_IBGE_ANP\files\dados_rfb\OUTPUT_FILES\Empresas5.zip foi baixado com sucesso.
INFO:[08/24/2023 06:33:07 PM]: ... (baixar_arq_rfb_estab) executada para download no arquivo/tabela (Empresas5.zip) 
Com tempo de (00:19:16)h:mim:s ...
INFO:[08/24/2023 06:43:27 PM]: O arquivo D:\13_Proj\Projeto_ETL_RFB_IBGE_ANP\files\dados_rfb\OUTPUT_FILES\Empresas6.zip foi baixado com sucesso.
INFO:[08/24/2023 06:43:27 PM]: ... (baixar_arq_rfb_estab) executada para download no arquivo/tabela (Empresas6.zip) 
Com tempo de (00:10:19)h:mim:s ...
INFO:[08/24/2023 06:51:37 PM]: O arquivo D:\13_Proj\Projeto_ETL_RFB_IBGE_ANP\files\dados_rfb\OUTPUT_FILES\Empresas7.zip foi baixado com sucesso.
INFO:[08/24/2023 06:51:37 PM]: ... (baixar_arq_rfb_estab) executada para download no arquivo/tabela (Empresas7.zip) 
Com tempo de (00:08:10)h:mim:s ...
INFO:[08/24/2023 06:58:32 PM]: O arquivo D:\13_Proj\Projeto_ETL_RFB_IBGE_ANP\files\dados_rfb\OUTPUT_FILES\Empresas8.zip foi baixado com sucesso.
INFO:[08/24/2023 06:58:32 PM]: ... (baixar_arq_rfb_estab) executada para download no arquivo/tabela (Empresas8.zip) 
Com tempo de (00:06:54)h:mim:s ...
INFO:[08/24/2023 07:02:13 PM]: O arquivo D:\13_Proj\Projeto_ETL_RFB_IBGE_ANP\files\dados_rfb\OUTPUT_FILES\Empresas9.zip foi baixado com sucesso.
INFO:[08/24/2023 07:02:13 PM]: ... (baixar_arq_rfb_estab) executada para download no arquivo/tabela (Empresas9.zip) 
Com tempo de (00:03:41)h:mim:s ...
INFO:[08/24/2023 07:50:45 PM]: O arquivo D:\13_Proj\Projeto_ETL_RFB_IBGE_ANP\files\dados_rfb\OUTPUT_FILES\Estabelecimentos0.zip foi baixado com sucesso.
INFO:[08/24/2023 07:50:45 PM]: ... (baixar_arq_rfb_estab) executada para download no arquivo/tabela (Estabelecimentos0.zip) 
Com tempo de (00:48:32)h:mim:s ...
INFO:[08/24/2023 08:01:31 PM]: O arquivo D:\13_Proj\Projeto_ETL_RFB_IBGE_ANP\files\dados_rfb\OUTPUT_FILES\Estabelecimentos1.zip foi baixado com sucesso.
INFO:[08/24/2023 08:01:31 PM]: ... (baixar_arq_rfb_estab) executada para download no arquivo/tabela (Estabelecimentos1.zip) 
Com tempo de (00:10:45)h:mim:s ...
INFO:[08/24/2023 08:38:31 PM]: O arquivo D:\13_Proj\Projeto_ETL_RFB_IBGE_ANP\files\dados_rfb\OUTPUT_FILES\Estabelecimentos2.zip foi baixado com sucesso.
INFO:[08/24/2023 08:38:31 PM]: ... (baixar_arq_rfb_estab) executada para download no arquivo/tabela (Estabelecimentos2.zip) 
Com tempo de (00:37:00)h:mim:s ...
INFO:[08/24/2023 09:03:15 PM]: O arquivo D:\13_Proj\Projeto_ETL_RFB_IBGE_ANP\files\dados_rfb\OUTPUT_FILES\Estabelecimentos3.zip foi baixado com sucesso.
INFO:[08/24/2023 09:03:15 PM]: ... (baixar_arq_rfb_estab) executada para download no arquivo/tabela (Estabelecimentos3.zip) 
Com tempo de (00:24:44)h:mim:s ...
INFO:[08/24/2023 09:20:33 PM]: O arquivo D:\13_Proj\Projeto_ETL_RFB_IBGE_ANP\files\dados_rfb\OUTPUT_FILES\Estabelecimentos4.zip foi baixado com sucesso.
INFO:[08/24/2023 09:20:33 PM]: ... (baixar_arq_rfb_estab) executada para download no arquivo/tabela (Estabelecimentos4.zip) 
Com tempo de (00:17:17)h:mim:s ...
INFO:[08/24/2023 09:28:19 PM]: O arquivo D:\13_Proj\Projeto_ETL_RFB_IBGE_ANP\files\dados_rfb\OUTPUT_FILES\Estabelecimentos5.zip foi baixado com sucesso.
INFO:[08/24/2023 09:28:19 PM]: ... (baixar_arq_rfb_estab) executada para download no arquivo/tabela (Estabelecimentos5.zip) 
Com tempo de (00:07:46)h:mim:s ...
INFO:[08/24/2023 09:34:10 PM]: O arquivo D:\13_Proj\Projeto_ETL_RFB_IBGE_ANP\files\dados_rfb\OUTPUT_FILES\Estabelecimentos6.zip foi baixado com sucesso.
INFO:[08/24/2023 09:34:10 PM]: ... (baixar_arq_rfb_estab) executada para download no arquivo/tabela (Estabelecimentos6.zip) 
Com tempo de (00:05:50)h:mim:s ...
INFO:[08/24/2023 09:48:53 PM]: O arquivo D:\13_Proj\Projeto_ETL_RFB_IBGE_ANP\files\dados_rfb\OUTPUT_FILES\Estabelecimentos7.zip foi baixado com sucesso.
INFO:[08/24/2023 09:48:53 PM]: ... (baixar_arq_rfb_estab) executada para download no arquivo/tabela (Estabelecimentos7.zip) 
Com tempo de (00:14:43)h:mim:s ...
INFO:[08/24/2023 09:52:35 PM]: O arquivo D:\13_Proj\Projeto_ETL_RFB_IBGE_ANP\files\dados_rfb\OUTPUT_FILES\Estabelecimentos8.zip foi baixado com sucesso.
INFO:[08/24/2023 09:52:35 PM]: ... (baixar_arq_rfb_estab) executada para download no arquivo/tabela (Estabelecimentos8.zip) 
Com tempo de (00:03:41)h:mim:s ...
INFO:[08/24/2023 09:58:34 PM]: O arquivo D:\13_Proj\Projeto_ETL_RFB_IBGE_ANP\files\dados_rfb\OUTPUT_FILES\Estabelecimentos9.zip foi baixado com sucesso.
INFO:[08/24/2023 09:58:34 PM]: ... (baixar_arq_rfb_estab) executada para download no arquivo/tabela (Estabelecimentos9.zip) 
Com tempo de (00:05:58)h:mim:s ...
INFO:[08/24/2023 09:58:34 PM]: O arquivo D:\13_Proj\Projeto_ETL_RFB_IBGE_ANP\files\dados_rfb\OUTPUT_FILES\Motivos.zip foi baixado com sucesso.
INFO:[08/24/2023 09:58:34 PM]: ... (baixar_arq_rfb_estab) executada para download no arquivo/tabela (Motivos.zip) 
Com tempo de (00:00:00)h:mim:s ...
INFO:[08/24/2023 09:58:35 PM]: O arquivo D:\13_Proj\Projeto_ETL_RFB_IBGE_ANP\files\dados_rfb\OUTPUT_FILES\Municipios.zip foi baixado com sucesso.
INFO:[08/24/2023 09:58:35 PM]: ... (baixar_arq_rfb_estab) executada para download no arquivo/tabela (Municipios.zip) 
Com tempo de (00:00:00)h:mim:s ...
INFO:[08/24/2023 09:58:35 PM]: O arquivo D:\13_Proj\Projeto_ETL_RFB_IBGE_ANP\files\dados_rfb\OUTPUT_FILES\Naturezas.zip foi baixado com sucesso.
INFO:[08/24/2023 09:58:35 PM]: ... (baixar_arq_rfb_estab) executada para download no arquivo/tabela (Naturezas.zip) 
Com tempo de (00:00:00)h:mim:s ...
INFO:[08/24/2023 09:58:36 PM]: O arquivo D:\13_Proj\Projeto_ETL_RFB_IBGE_ANP\files\dados_rfb\OUTPUT_FILES\Paises.zip foi baixado com sucesso.
INFO:[08/24/2023 09:58:36 PM]: ... (baixar_arq_rfb_estab) executada para download no arquivo/tabela (Paises.zip) 
Com tempo de (00:00:00)h:mim:s ...
INFO:[08/24/2023 09:58:36 PM]: O arquivo D:\13_Proj\Projeto_ETL_RFB_IBGE_ANP\files\dados_rfb\OUTPUT_FILES\Qualificacoes.zip foi baixado com sucesso.
INFO:[08/24/2023 09:58:36 PM]: ... (baixar_arq_rfb_estab) executada para download no arquivo/tabela (Qualificacoes.zip) 
Com tempo de (00:00:00)h:mim:s ...
INFO:[08/24/2023 10:03:51 PM]: O arquivo D:\13_Proj\Projeto_ETL_RFB_IBGE_ANP\files\dados_rfb\OUTPUT_FILES\Simples.zip foi baixado com sucesso.
INFO:[08/24/2023 10:03:51 PM]: ... (baixar_arq_rfb_estab) executada para download no arquivo/tabela (Simples.zip) 
Com tempo de (00:05:15)h:mim:s ...
INFO:[08/24/2023 10:05:56 PM]: O arquivo D:\13_Proj\Projeto_ETL_RFB_IBGE_ANP\files\dados_rfb\OUTPUT_FILES\Socios0.zip foi baixado com sucesso.
INFO:[08/24/2023 10:05:56 PM]: ... (baixar_arq_rfb_estab) executada para download no arquivo/tabela (Socios0.zip) 
Com tempo de (00:02:04)h:mim:s ...
INFO:[08/24/2023 10:06:45 PM]: O arquivo D:\13_Proj\Projeto_ETL_RFB_IBGE_ANP\files\dados_rfb\OUTPUT_FILES\Socios1.zip foi baixado com sucesso.
INFO:[08/24/2023 10:06:45 PM]: ... (baixar_arq_rfb_estab) executada para download no arquivo/tabela (Socios1.zip) 
Com tempo de (00:00:49)h:mim:s ...
INFO:[08/24/2023 10:07:50 PM]: O arquivo D:\13_Proj\Projeto_ETL_RFB_IBGE_ANP\files\dados_rfb\OUTPUT_FILES\Socios2.zip foi baixado com sucesso.
INFO:[08/24/2023 10:07:50 PM]: ... (baixar_arq_rfb_estab) executada para download no arquivo/tabela (Socios2.zip) 
Com tempo de (00:01:05)h:mim:s ...
INFO:[08/24/2023 10:09:31 PM]: O arquivo D:\13_Proj\Projeto_ETL_RFB_IBGE_ANP\files\dados_rfb\OUTPUT_FILES\Socios3.zip foi baixado com sucesso.
INFO:[08/24/2023 10:09:31 PM]: ... (baixar_arq_rfb_estab) executada para download no arquivo/tabela (Socios3.zip) 
Com tempo de (00:01:40)h:mim:s ...
INFO:[08/24/2023 10:10:40 PM]: O arquivo D:\13_Proj\Projeto_ETL_RFB_IBGE_ANP\files\dados_rfb\OUTPUT_FILES\Socios4.zip foi baixado com sucesso.
INFO:[08/24/2023 10:10:40 PM]: ... (baixar_arq_rfb_estab) executada para download no arquivo/tabela (Socios4.zip) 
Com tempo de (00:01:08)h:mim:s ...
INFO:[08/24/2023 10:11:34 PM]: O arquivo D:\13_Proj\Projeto_ETL_RFB_IBGE_ANP\files\dados_rfb\OUTPUT_FILES\Socios5.zip foi baixado com sucesso.
INFO:[08/24/2023 10:11:34 PM]: ... (baixar_arq_rfb_estab) executada para download no arquivo/tabela (Socios5.zip) 
Com tempo de (00:00:54)h:mim:s ...
INFO:[08/24/2023 10:12:21 PM]: O arquivo D:\13_Proj\Projeto_ETL_RFB_IBGE_ANP\files\dados_rfb\OUTPUT_FILES\Socios6.zip foi baixado com sucesso.
INFO:[08/24/2023 10:12:21 PM]: ... (baixar_arq_rfb_estab) executada para download no arquivo/tabela (Socios6.zip) 
Com tempo de (00:00:46)h:mim:s ...
INFO:[08/24/2023 10:12:58 PM]: O arquivo D:\13_Proj\Projeto_ETL_RFB_IBGE_ANP\files\dados_rfb\OUTPUT_FILES\Socios7.zip foi baixado com sucesso.
INFO:[08/24/2023 10:12:58 PM]: ... (baixar_arq_rfb_estab) executada para download no arquivo/tabela (Socios7.zip) 
Com tempo de (00:00:37)h:mim:s ...
INFO:[08/24/2023 10:13:35 PM]: O arquivo D:\13_Proj\Projeto_ETL_RFB_IBGE_ANP\files\dados_rfb\OUTPUT_FILES\Socios8.zip foi baixado com sucesso.
INFO:[08/24/2023 10:13:35 PM]: ... (baixar_arq_rfb_estab) executada para download no arquivo/tabela (Socios8.zip) 
Com tempo de (00:00:37)h:mim:s ...
INFO:[08/24/2023 10:14:24 PM]: O arquivo D:\13_Proj\Projeto_ETL_RFB_IBGE_ANP\files\dados_rfb\OUTPUT_FILES\Socios9.zip foi baixado com sucesso.
INFO:[08/24/2023 10:14:24 PM]: ... (baixar_arq_rfb_estab) executada para download no arquivo/tabela (Socios9.zip) 
Com tempo de (00:00:48)h:mim:s ...
INFO:[08/24/2023 10:14:24 PM]: *** (baixar_arq_rfb_estab) executada em todos os arquivos  
Com tempo de (05:37:43)h:mim:s ***
INFO:[08/24/2023 10:14:24 PM]: ### O processo total (baixar_arq_rfb_estab) de download foi finalizado... 
 Com tempo de (05:37:43)h:mim:s ###
INFO:[08/25/2023 07:49:13 AM]: Cnaes.zip
INFO:[08/25/2023 07:49:13 AM]: Empresas0.zip
INFO:[08/25/2023 07:49:13 AM]: Empresas1.zip
INFO:[08/25/2023 07:49:13 AM]: Empresas2.zip
INFO:[08/25/2023 07:49:13 AM]: Empresas3.zip
INFO:[08/25/2023 07:49:13 AM]: Empresas4.zip
INFO:[08/25/2023 07:49:13 AM]: Empresas5.zip
INFO:[08/25/2023 07:49:13 AM]: Empresas6.zip
INFO:[08/25/2023 07:49:13 AM]: Empresas7.zip
INFO:[08/25/2023 07:49:13 AM]: Empresas8.zip
INFO:[08/25/2023 07:49:13 AM]: Empresas9.zip
INFO:[08/25/2023 07:49:13 AM]: Estabelecimentos0.zip
INFO:[08/25/2023 07:49:13 AM]: Estabelecimentos1.zip
INFO:[08/25/2023 07:49:13 AM]: Estabelecimentos2.zip
INFO:[08/25/2023 07:49:13 AM]: Estabelecimentos3.zip
INFO:[08/25/2023 07:49:13 AM]: Estabelecimentos4.zip
INFO:[08/25/2023 07:49:13 AM]: Estabelecimentos5.zip
INFO:[08/25/2023 07:49:13 AM]: Estabelecimentos6.zip
INFO:[08/25/2023 07:49:13 AM]: Estabelecimentos7.zip
INFO:[08/25/2023 07:49:13 AM]: Estabelecimentos8.zip
INFO:[08/25/2023 07:49:13 AM]: Estabelecimentos9.zip
INFO:[08/25/2023 07:49:13 AM]: Motivos.zip
INFO:[08/25/2023 07:49:13 AM]: Municipios.zip
INFO:[08/25/2023 07:49:13 AM]: Naturezas.zip
INFO:[08/25/2023 07:49:13 AM]: Paises.zip
INFO:[08/25/2023 07:49:13 AM]: Qualificacoes.zip
INFO:[08/25/2023 07:49:13 AM]: Simples.zip
INFO:[08/25/2023 07:49:13 AM]: Socios0.zip
INFO:[08/25/2023 07:49:13 AM]: Socios1.zip
INFO:[08/25/2023 07:49:13 AM]: Socios2.zip
INFO:[08/25/2023 07:49:13 AM]: Socios3.zip
INFO:[08/25/2023 07:49:13 AM]: Socios4.zip
INFO:[08/25/2023 07:49:13 AM]: Socios5.zip
INFO:[08/25/2023 07:49:13 AM]: Socios6.zip
INFO:[08/25/2023 07:49:13 AM]: Socios7.zip
INFO:[08/25/2023 07:49:13 AM]: Socios8.zip
INFO:[08/25/2023 07:49:13 AM]: Socios9.zip
INFO:[08/25/2023 07:49:16 AM]: !!! O arquivo D:\13_Proj\Projeto_ETL_RFB_IBGE_ANP\files\dados_rfb\OUTPUT_FILES\Cnaes.zip j� existe no caminho especificado, devido a isso n�o ser� baixado.!!!
INFO:[08/25/2023 07:49:16 AM]: ... (baixar_arq_rfb_estab) executada para download no arquivo/tabela (Cnaes.zip) 
Com tempo de (00:00:00)h:mim:s ...
INFO:[08/25/2023 07:49:17 AM]: !!! O arquivo D:\13_Proj\Projeto_ETL_RFB_IBGE_ANP\files\dados_rfb\OUTPUT_FILES\Empresas0.zip j� existe no caminho especificado, devido a isso n�o ser� baixado.!!!
INFO:[08/25/2023 07:49:17 AM]: ... (baixar_arq_rfb_estab) executada para download no arquivo/tabela (Empresas0.zip) 
Com tempo de (00:00:00)h:mim:s ...
INFO:[08/25/2023 07:49:17 AM]: !!! O arquivo D:\13_Proj\Projeto_ETL_RFB_IBGE_ANP\files\dados_rfb\OUTPUT_FILES\Empresas1.zip j� existe no caminho especificado, devido a isso n�o ser� baixado.!!!
INFO:[08/25/2023 07:49:18 AM]: ... (baixar_arq_rfb_estab) executada para download no arquivo/tabela (Empresas1.zip) 
Com tempo de (00:00:00)h:mim:s ...
INFO:[08/25/2023 07:49:18 AM]: !!! O arquivo D:\13_Proj\Projeto_ETL_RFB_IBGE_ANP\files\dados_rfb\OUTPUT_FILES\Empresas2.zip j� existe no caminho especificado, devido a isso n�o ser� baixado.!!!
INFO:[08/25/2023 07:49:18 AM]: ... (baixar_arq_rfb_estab) executada para download no arquivo/tabela (Empresas2.zip) 
Com tempo de (00:00:00)h:mim:s ...
INFO:[08/25/2023 07:52:36 AM]: O arquivo D:\13_Proj\Projeto_ETL_RFB_IBGE_ANP\files\dados_rfb\OUTPUT_FILES\Empresas3.zip foi baixado com sucesso.
INFO:[08/25/2023 07:52:36 AM]: ... (baixar_arq_rfb_estab) executada para download no arquivo/tabela (Empresas3.zip) 
Com tempo de (00:03:17)h:mim:s ...
INFO:[08/25/2023 07:54:31 AM]: O arquivo D:\13_Proj\Projeto_ETL_RFB_IBGE_ANP\files\dados_rfb\OUTPUT_FILES\Empresas4.zip foi baixado com sucesso.
INFO:[08/25/2023 07:54:31 AM]: ... (baixar_arq_rfb_estab) executada para download no arquivo/tabela (Empresas4.zip) 
Com tempo de (00:01:54)h:mim:s ...
INFO:[08/25/2023 07:54:31 AM]: !!! O arquivo D:\13_Proj\Projeto_ETL_RFB_IBGE_ANP\files\dados_rfb\OUTPUT_FILES\Empresas5.zip j� existe no caminho especificado, devido a isso n�o ser� baixado.!!!
INFO:[08/25/2023 07:54:31 AM]: ... (baixar_arq_rfb_estab) executada para download no arquivo/tabela (Empresas5.zip) 
Com tempo de (00:00:00)h:mim:s ...
INFO:[08/25/2023 07:54:32 AM]: !!! O arquivo D:\13_Proj\Projeto_ETL_RFB_IBGE_ANP\files\dados_rfb\OUTPUT_FILES\Empresas6.zip j� existe no caminho especificado, devido a isso n�o ser� baixado.!!!
INFO:[08/25/2023 07:54:32 AM]: ... (baixar_arq_rfb_estab) executada para download no arquivo/tabela (Empresas6.zip) 
Com tempo de (00:00:00)h:mim:s ...
INFO:[08/25/2023 07:54:32 AM]: !!! O arquivo D:\13_Proj\Projeto_ETL_RFB_IBGE_ANP\files\dados_rfb\OUTPUT_FILES\Empresas7.zip j� existe no caminho especificado, devido a isso n�o ser� baixado.!!!
INFO:[08/25/2023 07:54:32 AM]: ... (baixar_arq_rfb_estab) executada para download no arquivo/tabela (Empresas7.zip) 
Com tempo de (00:00:00)h:mim:s ...
INFO:[08/25/2023 07:54:32 AM]: !!! O arquivo D:\13_Proj\Projeto_ETL_RFB_IBGE_ANP\files\dados_rfb\OUTPUT_FILES\Empresas8.zip j� existe no caminho especificado, devido a isso n�o ser� baixado.!!!
INFO:[08/25/2023 07:54:32 AM]: ... (baixar_arq_rfb_estab) executada para download no arquivo/tabela (Empresas8.zip) 
Com tempo de (00:00:00)h:mim:s ...
INFO:[08/25/2023 07:54:33 AM]: !!! O arquivo D:\13_Proj\Projeto_ETL_RFB_IBGE_ANP\files\dados_rfb\OUTPUT_FILES\Empresas9.zip j� existe no caminho especificado, devido a isso n�o ser� baixado.!!!
INFO:[08/25/2023 07:54:33 AM]: ... (baixar_arq_rfb_estab) executada para download no arquivo/tabela (Empresas9.zip) 
Com tempo de (00:00:00)h:mim:s ...
INFO:[08/25/2023 07:54:34 AM]: !!! O arquivo D:\13_Proj\Projeto_ETL_RFB_IBGE_ANP\files\dados_rfb\OUTPUT_FILES\Estabelecimentos0.zip j� existe no caminho especificado, devido a isso n�o ser� baixado.!!!
INFO:[08/25/2023 07:54:34 AM]: ... (baixar_arq_rfb_estab) executada para download no arquivo/tabela (Estabelecimentos0.zip) 
Com tempo de (00:00:00)h:mim:s ...
INFO:[08/25/2023 07:54:34 AM]: !!! O arquivo D:\13_Proj\Projeto_ETL_RFB_IBGE_ANP\files\dados_rfb\OUTPUT_FILES\Estabelecimentos1.zip j� existe no caminho especificado, devido a isso n�o ser� baixado.!!!
INFO:[08/25/2023 07:54:34 AM]: ... (baixar_arq_rfb_estab) executada para download no arquivo/tabela (Estabelecimentos1.zip) 
Com tempo de (00:00:00)h:mim:s ...
INFO:[08/25/2023 07:54:34 AM]: !!! O arquivo D:\13_Proj\Projeto_ETL_RFB_IBGE_ANP\files\dados_rfb\OUTPUT_FILES\Estabelecimentos2.zip j� existe no caminho especificado, devido a isso n�o ser� baixado.!!!
INFO:[08/25/2023 07:54:34 AM]: ... (baixar_arq_rfb_estab) executada para download no arquivo/tabela (Estabelecimentos2.zip) 
Com tempo de (00:00:00)h:mim:s ...
INFO:[08/25/2023 07:54:34 AM]: !!! O arquivo D:\13_Proj\Projeto_ETL_RFB_IBGE_ANP\files\dados_rfb\OUTPUT_FILES\Estabelecimentos3.zip j� existe no caminho especificado, devido a isso n�o ser� baixado.!!!
INFO:[08/25/2023 07:54:34 AM]: ... (baixar_arq_rfb_estab) executada para download no arquivo/tabela (Estabelecimentos3.zip) 
Com tempo de (00:00:00)h:mim:s ...
INFO:[08/25/2023 07:54:35 AM]: !!! O arquivo D:\13_Proj\Projeto_ETL_RFB_IBGE_ANP\files\dados_rfb\OUTPUT_FILES\Estabelecimentos4.zip j� existe no caminho especificado, devido a isso n�o ser� baixado.!!!
INFO:[08/25/2023 07:54:35 AM]: ... (baixar_arq_rfb_estab) executada para download no arquivo/tabela (Estabelecimentos4.zip) 
Com tempo de (00:00:00)h:mim:s ...
INFO:[08/25/2023 07:54:35 AM]: !!! O arquivo D:\13_Proj\Projeto_ETL_RFB_IBGE_ANP\files\dados_rfb\OUTPUT_FILES\Estabelecimentos5.zip j� existe no caminho especificado, devido a isso n�o ser� baixado.!!!
INFO:[08/25/2023 07:54:35 AM]: ... (baixar_arq_rfb_estab) executada para download no arquivo/tabela (Estabelecimentos5.zip) 
Com tempo de (00:00:00)h:mim:s ...
INFO:[08/25/2023 07:54:36 AM]: !!! O arquivo D:\13_Proj\Projeto_ETL_RFB_IBGE_ANP\files\dados_rfb\OUTPUT_FILES\Estabelecimentos6.zip j� existe no caminho especificado, devido a isso n�o ser� baixado.!!!
INFO:[08/25/2023 07:54:36 AM]: ... (baixar_arq_rfb_estab) executada para download no arquivo/tabela (Estabelecimentos6.zip) 
Com tempo de (00:00:00)h:mim:s ...
INFO:[08/25/2023 07:54:36 AM]: !!! O arquivo D:\13_Proj\Projeto_ETL_RFB_IBGE_ANP\files\dados_rfb\OUTPUT_FILES\Estabelecimentos7.zip j� existe no caminho especificado, devido a isso n�o ser� baixado.!!!
INFO:[08/25/2023 07:54:36 AM]: ... (baixar_arq_rfb_estab) executada para download no arquivo/tabela (Estabelecimentos7.zip) 
Com tempo de (00:00:00)h:mim:s ...
INFO:[08/25/2023 07:54:36 AM]: !!! O arquivo D:\13_Proj\Projeto_ETL_RFB_IBGE_ANP\files\dados_rfb\OUTPUT_FILES\Estabelecimentos8.zip j� existe no caminho especificado, devido a isso n�o ser� baixado.!!!
INFO:[08/25/2023 07:54:36 AM]: ... (baixar_arq_rfb_estab) executada para download no arquivo/tabela (Estabelecimentos8.zip) 
Com tempo de (00:00:00)h:mim:s ...
INFO:[08/25/2023 07:54:37 AM]: !!! O arquivo D:\13_Proj\Projeto_ETL_RFB_IBGE_ANP\files\dados_rfb\OUTPUT_FILES\Estabelecimentos9.zip j� existe no caminho especificado, devido a isso n�o ser� baixado.!!!
INFO:[08/25/2023 07:54:37 AM]: ... (baixar_arq_rfb_estab) executada para download no arquivo/tabela (Estabelecimentos9.zip) 
Com tempo de (00:00:00)h:mim:s ...
INFO:[08/25/2023 07:54:37 AM]: !!! O arquivo D:\13_Proj\Projeto_ETL_RFB_IBGE_ANP\files\dados_rfb\OUTPUT_FILES\Motivos.zip j� existe no caminho especificado, devido a isso n�o ser� baixado.!!!
INFO:[08/25/2023 07:54:37 AM]: ... (baixar_arq_rfb_estab) executada para download no arquivo/tabela (Motivos.zip) 
Com tempo de (00:00:00)h:mim:s ...
INFO:[08/25/2023 07:54:37 AM]: !!! O arquivo D:\13_Proj\Projeto_ETL_RFB_IBGE_ANP\files\dados_rfb\OUTPUT_FILES\Municipios.zip j� existe no caminho especificado, devido a isso n�o ser� baixado.!!!
INFO:[08/25/2023 07:54:37 AM]: ... (baixar_arq_rfb_estab) executada para download no arquivo/tabela (Municipios.zip) 
Com tempo de (00:00:00)h:mim:s ...
INFO:[08/25/2023 07:54:38 AM]: !!! O arquivo D:\13_Proj\Projeto_ETL_RFB_IBGE_ANP\files\dados_rfb\OUTPUT_FILES\Naturezas.zip j� existe no caminho especificado, devido a isso n�o ser� baixado.!!!
INFO:[08/25/2023 07:54:38 AM]: ... (baixar_arq_rfb_estab) executada para download no arquivo/tabela (Naturezas.zip) 
Com tempo de (00:00:00)h:mim:s ...
INFO:[08/25/2023 07:54:38 AM]: !!! O arquivo D:\13_Proj\Projeto_ETL_RFB_IBGE_ANP\files\dados_rfb\OUTPUT_FILES\Paises.zip j� existe no caminho especificado, devido a isso n�o ser� baixado.!!!
INFO:[08/25/2023 07:54:38 AM]: ... (baixar_arq_rfb_estab) executada para download no arquivo/tabela (Paises.zip) 
Com tempo de (00:00:00)h:mim:s ...
INFO:[08/25/2023 07:54:38 AM]: !!! O arquivo D:\13_Proj\Projeto_ETL_RFB_IBGE_ANP\files\dados_rfb\OUTPUT_FILES\Qualificacoes.zip j� existe no caminho especificado, devido a isso n�o ser� baixado.!!!
INFO:[08/25/2023 07:54:38 AM]: ... (baixar_arq_rfb_estab) executada para download no arquivo/tabela (Qualificacoes.zip) 
Com tempo de (00:00:00)h:mim:s ...
INFO:[08/25/2023 07:54:38 AM]: !!! O arquivo D:\13_Proj\Projeto_ETL_RFB_IBGE_ANP\files\dados_rfb\OUTPUT_FILES\Simples.zip j� existe no caminho especificado, devido a isso n�o ser� baixado.!!!
INFO:[08/25/2023 07:54:38 AM]: ... (baixar_arq_rfb_estab) executada para download no arquivo/tabela (Simples.zip) 
Com tempo de (00:00:00)h:mim:s ...
INFO:[08/25/2023 07:54:39 AM]: !!! O arquivo D:\13_Proj\Projeto_ETL_RFB_IBGE_ANP\files\dados_rfb\OUTPUT_FILES\Socios0.zip j� existe no caminho especificado, devido a isso n�o ser� baixado.!!!
INFO:[08/25/2023 07:54:39 AM]: ... (baixar_arq_rfb_estab) executada para download no arquivo/tabela (Socios0.zip) 
Com tempo de (00:00:00)h:mim:s ...
INFO:[08/25/2023 07:54:39 AM]: !!! O arquivo D:\13_Proj\Projeto_ETL_RFB_IBGE_ANP\files\dados_rfb\OUTPUT_FILES\Socios1.zip j� existe no caminho especificado, devido a isso n�o ser� baixado.!!!
INFO:[08/25/2023 07:54:39 AM]: ... (baixar_arq_rfb_estab) executada para download no arquivo/tabela (Socios1.zip) 
Com tempo de (00:00:00)h:mim:s ...
INFO:[08/25/2023 07:54:39 AM]: !!! O arquivo D:\13_Proj\Projeto_ETL_RFB_IBGE_ANP\files\dados_rfb\OUTPUT_FILES\Socios2.zip j� existe no caminho especificado, devido a isso n�o ser� baixado.!!!
INFO:[08/25/2023 07:54:39 AM]: ... (baixar_arq_rfb_estab) executada para download no arquivo/tabela (Socios2.zip) 
Com tempo de (00:00:00)h:mim:s ...
INFO:[08/25/2023 07:54:40 AM]: !!! O arquivo D:\13_Proj\Projeto_ETL_RFB_IBGE_ANP\files\dados_rfb\OUTPUT_FILES\Socios3.zip j� existe no caminho especificado, devido a isso n�o ser� baixado.!!!
INFO:[08/25/2023 07:54:40 AM]: ... (baixar_arq_rfb_estab) executada para download no arquivo/tabela (Socios3.zip) 
Com tempo de (00:00:00)h:mim:s ...
INFO:[08/25/2023 07:54:40 AM]: !!! O arquivo D:\13_Proj\Projeto_ETL_RFB_IBGE_ANP\files\dados_rfb\OUTPUT_FILES\Socios4.zip j� existe no caminho especificado, devido a isso n�o ser� baixado.!!!
INFO:[08/25/2023 07:54:40 AM]: ... (baixar_arq_rfb_estab) executada para download no arquivo/tabela (Socios4.zip) 
Com tempo de (00:00:00)h:mim:s ...
INFO:[08/25/2023 07:54:40 AM]: !!! O arquivo D:\13_Proj\Projeto_ETL_RFB_IBGE_ANP\files\dados_rfb\OUTPUT_FILES\Socios5.zip j� existe no caminho especificado, devido a isso n�o ser� baixado.!!!
INFO:[08/25/2023 07:54:40 AM]: ... (baixar_arq_rfb_estab) executada para download no arquivo/tabela (Socios5.zip) 
Com tempo de (00:00:00)h:mim:s ...
INFO:[08/25/2023 07:54:40 AM]: !!! O arquivo D:\13_Proj\Projeto_ETL_RFB_IBGE_ANP\files\dados_rfb\OUTPUT_FILES\Socios6.zip j� existe no caminho especificado, devido a isso n�o ser� baixado.!!!
INFO:[08/25/2023 07:54:40 AM]: ... (baixar_arq_rfb_estab) executada para download no arquivo/tabela (Socios6.zip) 
Com tempo de (00:00:00)h:mim:s ...
INFO:[08/25/2023 07:54:41 AM]: !!! O arquivo D:\13_Proj\Projeto_ETL_RFB_IBGE_ANP\files\dados_rfb\OUTPUT_FILES\Socios7.zip j� existe no caminho especificado, devido a isso n�o ser� baixado.!!!
INFO:[08/25/2023 07:54:41 AM]: ... (baixar_arq_rfb_estab) executada para download no arquivo/tabela (Socios7.zip) 
Com tempo de (00:00:00)h:mim:s ...
INFO:[08/25/2023 07:54:41 AM]: !!! O arquivo D:\13_Proj\Projeto_ETL_RFB_IBGE_ANP\files\dados_rfb\OUTPUT_FILES\Socios8.zip j� existe no caminho especificado, devido a isso n�o ser� baixado.!!!
INFO:[08/25/2023 07:54:41 AM]: ... (baixar_arq_rfb_estab) executada para download no arquivo/tabela (Socios8.zip) 
Com tempo de (00:00:00)h:mim:s ...
INFO:[08/25/2023 07:54:42 AM]: !!! O arquivo D:\13_Proj\Projeto_ETL_RFB_IBGE_ANP\files\dados_rfb\OUTPUT_FILES\Socios9.zip j� existe no caminho especificado, devido a isso n�o ser� baixado.!!!
INFO:[08/25/2023 07:54:42 AM]: ... (baixar_arq_rfb_estab) executada para download no arquivo/tabela (Socios9.zip) 
Com tempo de (00:00:00)h:mim:s ...
INFO:[08/25/2023 07:54:42 AM]: *** (baixar_arq_rfb_estab) executada em todos os arquivos  
Com tempo de (00:05:34)h:mim:s ***
INFO:[08/25/2023 07:54:42 AM]: ### O processo total (baixar_arq_rfb_estab) de download foi finalizado... 
 Com tempo de (00:05:34)h:mim:s ###
INFO:[08/25/2023 07:55:26 AM]: ... (descompactar_arq_rfb_estab) executada para descompacta��o no arquivo/tabela (Cnaes.zip) 
Com tempo de (00:00:00)h:mim:s ...
INFO:[08/25/2023 07:55:35 AM]: ... (descompactar_arq_rfb_estab) executada para descompacta��o no arquivo/tabela (Empresas0.zip) 
Com tempo de (00:00:08)h:mim:s ...
INFO:[08/25/2023 07:55:36 AM]: ... (descompactar_arq_rfb_estab) executada para descompacta��o no arquivo/tabela (Empresas1.zip) 
Com tempo de (00:00:01)h:mim:s ...
INFO:[08/25/2023 07:55:38 AM]: ... (descompactar_arq_rfb_estab) executada para descompacta��o no arquivo/tabela (Empresas2.zip) 
Com tempo de (00:00:02)h:mim:s ...
INFO:[08/25/2023 07:55:44 AM]: ... (descompactar_arq_rfb_estab) executada para descompacta��o no arquivo/tabela (Empresas3.zip) 
Com tempo de (00:00:06)h:mim:s ...
INFO:[08/25/2023 07:55:48 AM]: ... (descompactar_arq_rfb_estab) executada para descompacta��o no arquivo/tabela (Empresas4.zip) 
Com tempo de (00:00:04)h:mim:s ...
INFO:[08/25/2023 07:56:06 AM]: ... (descompactar_arq_rfb_estab) executada para descompacta��o no arquivo/tabela (Empresas5.zip) 
Com tempo de (00:00:18)h:mim:s ...
INFO:[08/25/2023 07:56:11 AM]: ... (descompactar_arq_rfb_estab) executada para descompacta��o no arquivo/tabela (Empresas6.zip) 
Com tempo de (00:00:04)h:mim:s ...
INFO:[08/25/2023 07:56:17 AM]: ... (descompactar_arq_rfb_estab) executada para descompacta��o no arquivo/tabela (Empresas7.zip) 
Com tempo de (00:00:06)h:mim:s ...
INFO:[08/25/2023 07:56:20 AM]: ... (descompactar_arq_rfb_estab) executada para descompacta��o no arquivo/tabela (Empresas8.zip) 
Com tempo de (00:00:02)h:mim:s ...
INFO:[08/25/2023 07:56:29 AM]: ... (descompactar_arq_rfb_estab) executada para descompacta��o no arquivo/tabela (Empresas9.zip) 
Com tempo de (00:00:08)h:mim:s ...
INFO:[08/25/2023 07:57:29 AM]: ... (descompactar_arq_rfb_estab) executada para descompacta��o no arquivo/tabela (Estabelecimentos0.zip) 
Com tempo de (00:01:00)h:mim:s ...
INFO:[08/25/2023 07:57:49 AM]: ... (descompactar_arq_rfb_estab) executada para descompacta��o no arquivo/tabela (Estabelecimentos1.zip) 
Com tempo de (00:00:20)h:mim:s ...
INFO:[08/25/2023 07:58:14 AM]: ... (descompactar_arq_rfb_estab) executada para descompacta��o no arquivo/tabela (Estabelecimentos2.zip) 
Com tempo de (00:00:25)h:mim:s ...
INFO:[08/25/2023 07:58:54 AM]: ... (descompactar_arq_rfb_estab) executada para descompacta��o no arquivo/tabela (Estabelecimentos3.zip) 
Com tempo de (00:00:39)h:mim:s ...
INFO:[08/25/2023 07:59:24 AM]: ... (descompactar_arq_rfb_estab) executada para descompacta��o no arquivo/tabela (Estabelecimentos4.zip) 
Com tempo de (00:00:30)h:mim:s ...
INFO:[08/25/2023 07:59:50 AM]: ... (descompactar_arq_rfb_estab) executada para descompacta��o no arquivo/tabela (Estabelecimentos5.zip) 
Com tempo de (00:00:26)h:mim:s ...
INFO:[08/25/2023 08:00:22 AM]: ... (descompactar_arq_rfb_estab) executada para descompacta��o no arquivo/tabela (Estabelecimentos6.zip) 
Com tempo de (00:00:32)h:mim:s ...
INFO:[08/25/2023 08:00:55 AM]: ... (descompactar_arq_rfb_estab) executada para descompacta��o no arquivo/tabela (Estabelecimentos7.zip) 
Com tempo de (00:00:32)h:mim:s ...
INFO:[08/25/2023 08:01:29 AM]: ... (descompactar_arq_rfb_estab) executada para descompacta��o no arquivo/tabela (Estabelecimentos8.zip) 
Com tempo de (00:00:33)h:mim:s ...
INFO:[08/25/2023 08:01:51 AM]: ... (descompactar_arq_rfb_estab) executada para descompacta��o no arquivo/tabela (Estabelecimentos9.zip) 
Com tempo de (00:00:22)h:mim:s ...
INFO:[08/25/2023 08:01:52 AM]: ... (descompactar_arq_rfb_estab) executada para descompacta��o no arquivo/tabela (Motivos.zip) 
Com tempo de (00:00:00)h:mim:s ...
INFO:[08/25/2023 08:01:52 AM]: ... (descompactar_arq_rfb_estab) executada para descompacta��o no arquivo/tabela (Municipios.zip) 
Com tempo de (00:00:00)h:mim:s ...
INFO:[08/25/2023 08:01:52 AM]: ... (descompactar_arq_rfb_estab) executada para descompacta��o no arquivo/tabela (Naturezas.zip) 
Com tempo de (00:00:00)h:mim:s ...
INFO:[08/25/2023 08:01:52 AM]: ... (descompactar_arq_rfb_estab) executada para descompacta��o no arquivo/tabela (Paises.zip) 
Com tempo de (00:00:00)h:mim:s ...
INFO:[08/25/2023 08:01:52 AM]: ... (descompactar_arq_rfb_estab) executada para descompacta��o no arquivo/tabela (Qualificacoes.zip) 
Com tempo de (00:00:00)h:mim:s ...
INFO:[08/25/2023 08:02:20 AM]: ... (descompactar_arq_rfb_estab) executada para descompacta��o no arquivo/tabela (Simples.zip) 
Com tempo de (00:00:28)h:mim:s ...
INFO:[08/25/2023 08:02:25 AM]: ... (descompactar_arq_rfb_estab) executada para descompacta��o no arquivo/tabela (Socios0.zip) 
Com tempo de (00:00:05)h:mim:s ...
INFO:[08/25/2023 08:02:29 AM]: ... (descompactar_arq_rfb_estab) executada para descompacta��o no arquivo/tabela (Socios1.zip) 
Com tempo de (00:00:03)h:mim:s ...
INFO:[08/25/2023 08:02:36 AM]: ... (descompactar_arq_rfb_estab) executada para descompacta��o no arquivo/tabela (Socios2.zip) 
Com tempo de (00:00:07)h:mim:s ...
INFO:[08/25/2023 08:02:40 AM]: ... (descompactar_arq_rfb_estab) executada para descompacta��o no arquivo/tabela (Socios3.zip) 
Com tempo de (00:00:03)h:mim:s ...
INFO:[08/25/2023 08:02:43 AM]: ... (descompactar_arq_rfb_estab) executada para descompacta��o no arquivo/tabela (Socios4.zip) 
Com tempo de (00:00:02)h:mim:s ...
INFO:[08/25/2023 08:02:46 AM]: ... (descompactar_arq_rfb_estab) executada para descompacta��o no arquivo/tabela (Socios5.zip) 
Com tempo de (00:00:03)h:mim:s ...
INFO:[08/25/2023 08:02:51 AM]: ... (descompactar_arq_rfb_estab) executada para descompacta��o no arquivo/tabela (Socios6.zip) 
Com tempo de (00:00:04)h:mim:s ...
INFO:[08/25/2023 08:02:54 AM]: ... (descompactar_arq_rfb_estab) executada para descompacta��o no arquivo/tabela (Socios7.zip) 
Com tempo de (00:00:03)h:mim:s ...
INFO:[08/25/2023 08:02:59 AM]: ... (descompactar_arq_rfb_estab) executada para descompacta��o no arquivo/tabela (Socios8.zip) 
Com tempo de (00:00:04)h:mim:s ...
INFO:[08/25/2023 08:03:09 AM]: ... (descompactar_arq_rfb_estab) executada para descompacta��o no arquivo/tabela (Socios9.zip) 
Com tempo de (00:00:09)h:mim:s ...
INFO:[08/25/2023 08:03:09 AM]: ### O processo total (descompactar_arq_rfb_estab) de descompacta��o de todos os arquivos foi finalizado... 
 Com tempo de (00:07:42)h:mim:s ###
INFO:[08/25/2023 08:08:32 AM]: ... (split_csv_file_pandas_todos) executada para leitura do arquivo csv no arquivo/tabela (F.K03200$W.SIMPLES.CSV.D30812) 
Com tempo de (00:00:24)h:mim:s ...
INFO:[08/25/2023 08:09:27 AM]: ... (split_csv_file_pandas_todos) executada para criacao dos novos arquivos csv no arquivo/tabela (F.K03200$W.SIMPLES.CSV.D30812) 
Com tempo de (00:00:54)h:mim:s ...
INFO:[08/25/2023 08:09:28 AM]: ... (split_csv_file_pandas_todos) executada para leitura do arquivo csv no arquivo/tabela (F.K03200$Z.D30812.CNAECSV) 
Com tempo de (00:00:00)h:mim:s ...
INFO:[08/25/2023 08:09:28 AM]: ... (split_csv_file_pandas_todos) executada para criacao dos novos arquivos csv no arquivo/tabela (F.K03200$Z.D30812.CNAECSV) 
Com tempo de (00:00:00)h:mim:s ...
INFO:[08/25/2023 08:09:28 AM]: ... (split_csv_file_pandas_todos) executada para leitura do arquivo csv no arquivo/tabela (F.K03200$Z.D30812.MOTICSV) 
Com tempo de (00:00:00)h:mim:s ...
INFO:[08/25/2023 08:09:28 AM]: ... (split_csv_file_pandas_todos) executada para criacao dos novos arquivos csv no arquivo/tabela (F.K03200$Z.D30812.MOTICSV) 
Com tempo de (00:00:00)h:mim:s ...
INFO:[08/25/2023 08:09:28 AM]: ... (split_csv_file_pandas_todos) executada para leitura do arquivo csv no arquivo/tabela (F.K03200$Z.D30812.MUNICCSV) 
Com tempo de (00:00:00)h:mim:s ...
INFO:[08/25/2023 08:09:28 AM]: ... (split_csv_file_pandas_todos) executada para criacao dos novos arquivos csv no arquivo/tabela (F.K03200$Z.D30812.MUNICCSV) 
Com tempo de (00:00:00)h:mim:s ...
INFO:[08/25/2023 08:09:28 AM]: ... (split_csv_file_pandas_todos) executada para leitura do arquivo csv no arquivo/tabela (F.K03200$Z.D30812.NATJUCSV) 
Com tempo de (00:00:00)h:mim:s ...
INFO:[08/25/2023 08:09:28 AM]: ... (split_csv_file_pandas_todos) executada para criacao dos novos arquivos csv no arquivo/tabela (F.K03200$Z.D30812.NATJUCSV) 
Com tempo de (00:00:00)h:mim:s ...
INFO:[08/25/2023 08:09:28 AM]: ... (split_csv_file_pandas_todos) executada para leitura do arquivo csv no arquivo/tabela (F.K03200$Z.D30812.PAISCSV) 
Com tempo de (00:00:00)h:mim:s ...
INFO:[08/25/2023 08:09:28 AM]: ... (split_csv_file_pandas_todos) executada para criacao dos novos arquivos csv no arquivo/tabela (F.K03200$Z.D30812.PAISCSV) 
Com tempo de (00:00:00)h:mim:s ...
INFO:[08/25/2023 08:09:28 AM]: ... (split_csv_file_pandas_todos) executada para leitura do arquivo csv no arquivo/tabela (F.K03200$Z.D30812.QUALSCSV) 
Com tempo de (00:00:00)h:mim:s ...
INFO:[08/25/2023 08:09:28 AM]: ... (split_csv_file_pandas_todos) executada para criacao dos novos arquivos csv no arquivo/tabela (F.K03200$Z.D30812.QUALSCSV) 
Com tempo de (00:00:00)h:mim:s ...
INFO:[08/25/2023 08:09:49 AM]: ... (split_csv_file_pandas_todos) executada para leitura do arquivo csv no arquivo/tabela (K3241.K03200Y0.D30812.EMPRECSV) 
Com tempo de (00:00:20)h:mim:s ...
INFO:[08/25/2023 08:10:14 AM]: ... (split_csv_file_pandas_todos) executada para criacao dos novos arquivos csv no arquivo/tabela (K3241.K03200Y0.D30812.EMPRECSV) 
Com tempo de (00:00:25)h:mim:s ...
INFO:[08/25/2023 08:13:52 AM]: ... (split_csv_file_pandas_todos) executada para leitura do arquivo csv no arquivo/tabela (K3241.K03200Y0.D30812.ESTABELE) 
Com tempo de (00:03:36)h:mim:s ...
INFO:[08/25/2023 08:14:18 AM]: ... (split_csv_file_pandas_todos) executada para criacao das colunas cnpj completo no arquivo/tabela (K3241.K03200Y0.D30812.ESTABELE) 
Com tempo de (00:00:24)h:mim:s ...
INFO:[08/25/2023 08:16:45 AM]: ... (split_csv_file_pandas_todos) executada para criacao dos novos arquivos csv no arquivo/tabela (K3241.K03200Y0.D30812.ESTABELE) 
Com tempo de (00:02:26)h:mim:s ...
INFO:[08/25/2023 08:17:06 AM]: ... (split_csv_file_pandas_todos) executada para leitura do arquivo csv no arquivo/tabela (K3241.K03200Y0.D30812.SOCIOCSV) 
Com tempo de (00:00:14)h:mim:s ...
INFO:[08/25/2023 08:17:20 AM]: ... (split_csv_file_pandas_todos) executada para criacao dos novos arquivos csv no arquivo/tabela (K3241.K03200Y0.D30812.SOCIOCSV) 
Com tempo de (00:00:13)h:mim:s ...
INFO:[08/25/2023 08:17:34 AM]: ... (split_csv_file_pandas_todos) executada para leitura do arquivo csv no arquivo/tabela (K3241.K03200Y1.D30812.EMPRECSV) 
Com tempo de (00:00:13)h:mim:s ...
INFO:[08/25/2023 08:17:42 AM]: ... (split_csv_file_pandas_todos) executada para criacao dos novos arquivos csv no arquivo/tabela (K3241.K03200Y1.D30812.EMPRECSV) 
Com tempo de (00:00:07)h:mim:s ...
INFO:[08/25/2023 08:18:16 AM]: ... (split_csv_file_pandas_todos) executada para leitura do arquivo csv no arquivo/tabela (K3241.K03200Y1.D30812.ESTABELE) 
Com tempo de (00:00:33)h:mim:s ...
INFO:[08/25/2023 08:18:19 AM]: ... (split_csv_file_pandas_todos) executada para criacao das colunas cnpj completo no arquivo/tabela (K3241.K03200Y1.D30812.ESTABELE) 
Com tempo de (00:00:03)h:mim:s ...
INFO:[08/25/2023 08:18:57 AM]: ... (split_csv_file_pandas_todos) executada para criacao dos novos arquivos csv no arquivo/tabela (K3241.K03200Y1.D30812.ESTABELE) 
Com tempo de (00:00:37)h:mim:s ...
INFO:[08/25/2023 08:19:04 AM]: ... (split_csv_file_pandas_todos) executada para leitura do arquivo csv no arquivo/tabela (K3241.K03200Y1.D30812.SOCIOCSV) 
Com tempo de (00:00:06)h:mim:s ...
INFO:[08/25/2023 08:19:09 AM]: ... (split_csv_file_pandas_todos) executada para criacao dos novos arquivos csv no arquivo/tabela (K3241.K03200Y1.D30812.SOCIOCSV) 
Com tempo de (00:00:04)h:mim:s ...
INFO:[08/25/2023 08:19:17 AM]: ... (split_csv_file_pandas_todos) executada para leitura do arquivo csv no arquivo/tabela (K3241.K03200Y2.D30812.EMPRECSV) 
Com tempo de (00:00:08)h:mim:s ...
INFO:[08/25/2023 08:19:26 AM]: ... (split_csv_file_pandas_todos) executada para criacao dos novos arquivos csv no arquivo/tabela (K3241.K03200Y2.D30812.EMPRECSV) 
Com tempo de (00:00:08)h:mim:s ...
INFO:[08/25/2023 08:19:56 AM]: ... (split_csv_file_pandas_todos) executada para leitura do arquivo csv no arquivo/tabela (K3241.K03200Y2.D30812.ESTABELE) 
Com tempo de (00:00:30)h:mim:s ...
INFO:[08/25/2023 08:19:59 AM]: ... (split_csv_file_pandas_todos) executada para criacao das colunas cnpj completo no arquivo/tabela (K3241.K03200Y2.D30812.ESTABELE) 
Com tempo de (00:00:03)h:mim:s ...
INFO:[08/25/2023 08:20:32 AM]: ... (split_csv_file_pandas_todos) executada para criacao dos novos arquivos csv no arquivo/tabela (K3241.K03200Y2.D30812.ESTABELE) 
Com tempo de (00:00:32)h:mim:s ...
INFO:[08/25/2023 08:20:38 AM]: ... (split_csv_file_pandas_todos) executada para leitura do arquivo csv no arquivo/tabela (K3241.K03200Y2.D30812.SOCIOCSV) 
Com tempo de (00:00:05)h:mim:s ...
INFO:[08/25/2023 08:20:43 AM]: ... (split_csv_file_pandas_todos) executada para criacao dos novos arquivos csv no arquivo/tabela (K3241.K03200Y2.D30812.SOCIOCSV) 
Com tempo de (00:00:04)h:mim:s ...
INFO:[08/25/2023 08:20:51 AM]: ... (split_csv_file_pandas_todos) executada para leitura do arquivo csv no arquivo/tabela (K3241.K03200Y3.D30812.EMPRECSV) 
Com tempo de (00:00:07)h:mim:s ...
INFO:[08/25/2023 08:20:59 AM]: ... (split_csv_file_pandas_todos) executada para criacao dos novos arquivos csv no arquivo/tabela (K3241.K03200Y3.D30812.EMPRECSV) 
Com tempo de (00:00:08)h:mim:s ...
INFO:[08/25/2023 08:21:24 AM]: ... (split_csv_file_pandas_todos) executada para leitura do arquivo csv no arquivo/tabela (K3241.K03200Y3.D30812.ESTABELE) 
Com tempo de (00:00:24)h:mim:s ...
INFO:[08/25/2023 08:21:28 AM]: ... (split_csv_file_pandas_todos) executada para criacao das colunas cnpj completo no arquivo/tabela (K3241.K03200Y3.D30812.ESTABELE) 
Com tempo de (00:00:03)h:mim:s ...
INFO:[08/25/2023 08:22:01 AM]: ... (split_csv_file_pandas_todos) executada para criacao dos novos arquivos csv no arquivo/tabela (K3241.K03200Y3.D30812.ESTABELE) 
Com tempo de (00:00:33)h:mim:s ...
INFO:[08/25/2023 08:22:14 AM]: ... (split_csv_file_pandas_todos) executada para leitura do arquivo csv no arquivo/tabela (K3241.K03200Y3.D30812.SOCIOCSV) 
Com tempo de (00:00:12)h:mim:s ...
INFO:[08/25/2023 08:22:20 AM]: ... (split_csv_file_pandas_todos) executada para criacao dos novos arquivos csv no arquivo/tabela (K3241.K03200Y3.D30812.SOCIOCSV) 
Com tempo de (00:00:05)h:mim:s ...
INFO:[08/25/2023 08:22:37 AM]: ... (split_csv_file_pandas_todos) executada para leitura do arquivo csv no arquivo/tabela (K3241.K03200Y4.D30812.EMPRECSV) 
Com tempo de (00:00:17)h:mim:s ...
INFO:[08/25/2023 08:22:46 AM]: ... (split_csv_file_pandas_todos) executada para criacao dos novos arquivos csv no arquivo/tabela (K3241.K03200Y4.D30812.EMPRECSV) 
Com tempo de (00:00:09)h:mim:s ...
INFO:[08/25/2023 08:23:27 AM]: ... (split_csv_file_pandas_todos) executada para leitura do arquivo csv no arquivo/tabela (K3241.K03200Y4.D30812.ESTABELE) 
Com tempo de (00:00:40)h:mim:s ...
INFO:[08/25/2023 08:23:30 AM]: ... (split_csv_file_pandas_todos) executada para criacao das colunas cnpj completo no arquivo/tabela (K3241.K03200Y4.D30812.ESTABELE) 
Com tempo de (00:00:03)h:mim:s ...
INFO:[08/25/2023 08:24:09 AM]: ... (split_csv_file_pandas_todos) executada para criacao dos novos arquivos csv no arquivo/tabela (K3241.K03200Y4.D30812.ESTABELE) 
Com tempo de (00:00:38)h:mim:s ...
INFO:[08/25/2023 08:24:14 AM]: ... (split_csv_file_pandas_todos) executada para leitura do arquivo csv no arquivo/tabela (K3241.K03200Y4.D30812.SOCIOCSV) 
Com tempo de (00:00:04)h:mim:s ...
INFO:[08/25/2023 08:24:19 AM]: ... (split_csv_file_pandas_todos) executada para criacao dos novos arquivos csv no arquivo/tabela (K3241.K03200Y4.D30812.SOCIOCSV) 
Com tempo de (00:00:04)h:mim:s ...
INFO:[08/25/2023 08:24:28 AM]: ... (split_csv_file_pandas_todos) executada para leitura do arquivo csv no arquivo/tabela (K3241.K03200Y5.D30812.EMPRECSV) 
Com tempo de (00:00:08)h:mim:s ...
INFO:[08/25/2023 08:24:37 AM]: ... (split_csv_file_pandas_todos) executada para criacao dos novos arquivos csv no arquivo/tabela (K3241.K03200Y5.D30812.EMPRECSV) 
Com tempo de (00:00:08)h:mim:s ...
INFO:[08/25/2023 08:25:04 AM]: ... (split_csv_file_pandas_todos) executada para leitura do arquivo csv no arquivo/tabela (K3241.K03200Y5.D30812.ESTABELE) 
Com tempo de (00:00:27)h:mim:s ...
INFO:[08/25/2023 08:25:08 AM]: ... (split_csv_file_pandas_todos) executada para criacao das colunas cnpj completo no arquivo/tabela (K3241.K03200Y5.D30812.ESTABELE) 
Com tempo de (00:00:03)h:mim:s ...
INFO:[08/25/2023 08:25:41 AM]: ... (split_csv_file_pandas_todos) executada para criacao dos novos arquivos csv no arquivo/tabela (K3241.K03200Y5.D30812.ESTABELE) 
Com tempo de (00:00:33)h:mim:s ...
INFO:[08/25/2023 08:25:47 AM]: ... (split_csv_file_pandas_todos) executada para leitura do arquivo csv no arquivo/tabela (K3241.K03200Y5.D30812.SOCIOCSV) 
Com tempo de (00:00:05)h:mim:s ...
INFO:[08/25/2023 08:25:52 AM]: ... (split_csv_file_pandas_todos) executada para criacao dos novos arquivos csv no arquivo/tabela (K3241.K03200Y5.D30812.SOCIOCSV) 
Com tempo de (00:00:05)h:mim:s ...
INFO:[08/25/2023 08:26:04 AM]: ... (split_csv_file_pandas_todos) executada para leitura do arquivo csv no arquivo/tabela (K3241.K03200Y6.D30812.EMPRECSV) 
Com tempo de (00:00:11)h:mim:s ...
INFO:[08/25/2023 08:26:13 AM]: ... (split_csv_file_pandas_todos) executada para criacao dos novos arquivos csv no arquivo/tabela (K3241.K03200Y6.D30812.EMPRECSV) 
Com tempo de (00:00:09)h:mim:s ...
INFO:[08/25/2023 08:26:42 AM]: ... (split_csv_file_pandas_todos) executada para leitura do arquivo csv no arquivo/tabela (K3241.K03200Y6.D30812.ESTABELE) 
Com tempo de (00:00:28)h:mim:s ...
INFO:[08/25/2023 08:26:45 AM]: ... (split_csv_file_pandas_todos) executada para criacao das colunas cnpj completo no arquivo/tabela (K3241.K03200Y6.D30812.ESTABELE) 
Com tempo de (00:00:03)h:mim:s ...
INFO:[08/25/2023 08:27:21 AM]: ... (split_csv_file_pandas_todos) executada para criacao dos novos arquivos csv no arquivo/tabela (K3241.K03200Y6.D30812.ESTABELE) 
Com tempo de (00:00:35)h:mim:s ...
INFO:[08/25/2023 08:27:26 AM]: ... (split_csv_file_pandas_todos) executada para leitura do arquivo csv no arquivo/tabela (K3241.K03200Y6.D30812.SOCIOCSV) 
Com tempo de (00:00:03)h:mim:s ...
INFO:[08/25/2023 08:27:31 AM]: ... (split_csv_file_pandas_todos) executada para criacao dos novos arquivos csv no arquivo/tabela (K3241.K03200Y6.D30812.SOCIOCSV) 
Com tempo de (00:00:04)h:mim:s ...
INFO:[08/25/2023 08:27:39 AM]: ... (split_csv_file_pandas_todos) executada para leitura do arquivo csv no arquivo/tabela (K3241.K03200Y7.D30812.EMPRECSV) 
Com tempo de (00:00:07)h:mim:s ...
INFO:[08/25/2023 08:27:48 AM]: ... (split_csv_file_pandas_todos) executada para criacao dos novos arquivos csv no arquivo/tabela (K3241.K03200Y7.D30812.EMPRECSV) 
Com tempo de (00:00:08)h:mim:s ...
INFO:[08/25/2023 08:28:18 AM]: ... (split_csv_file_pandas_todos) executada para leitura do arquivo csv no arquivo/tabela (K3241.K03200Y7.D30812.ESTABELE) 
Com tempo de (00:00:29)h:mim:s ...
INFO:[08/25/2023 08:28:21 AM]: ... (split_csv_file_pandas_todos) executada para criacao das colunas cnpj completo no arquivo/tabela (K3241.K03200Y7.D30812.ESTABELE) 
Com tempo de (00:00:03)h:mim:s ...
INFO:[08/25/2023 08:28:54 AM]: ... (split_csv_file_pandas_todos) executada para criacao dos novos arquivos csv no arquivo/tabela (K3241.K03200Y7.D30812.ESTABELE) 
Com tempo de (00:00:33)h:mim:s ...
INFO:[08/25/2023 08:29:04 AM]: ... (split_csv_file_pandas_todos) executada para leitura do arquivo csv no arquivo/tabela (K3241.K03200Y7.D30812.SOCIOCSV) 
Com tempo de (00:00:08)h:mim:s ...
INFO:[08/25/2023 08:29:09 AM]: ... (split_csv_file_pandas_todos) executada para criacao dos novos arquivos csv no arquivo/tabela (K3241.K03200Y7.D30812.SOCIOCSV) 
Com tempo de (00:00:05)h:mim:s ...
INFO:[08/25/2023 08:29:17 AM]: ... (split_csv_file_pandas_todos) executada para leitura do arquivo csv no arquivo/tabela (K3241.K03200Y8.D30812.EMPRECSV) 
Com tempo de (00:00:07)h:mim:s ...
INFO:[08/25/2023 08:29:26 AM]: ... (split_csv_file_pandas_todos) executada para criacao dos novos arquivos csv no arquivo/tabela (K3241.K03200Y8.D30812.EMPRECSV) 
Com tempo de (00:00:08)h:mim:s ...
INFO:[08/25/2023 08:29:54 AM]: ... (split_csv_file_pandas_todos) executada para leitura do arquivo csv no arquivo/tabela (K3241.K03200Y8.D30812.ESTABELE) 
Com tempo de (00:00:27)h:mim:s ...
INFO:[08/25/2023 08:29:57 AM]: ... (split_csv_file_pandas_todos) executada para criacao das colunas cnpj completo no arquivo/tabela (K3241.K03200Y8.D30812.ESTABELE) 
Com tempo de (00:00:03)h:mim:s ...
INFO:[08/25/2023 08:30:30 AM]: ... (split_csv_file_pandas_todos) executada para criacao dos novos arquivos csv no arquivo/tabela (K3241.K03200Y8.D30812.ESTABELE) 
Com tempo de (00:00:33)h:mim:s ...
INFO:[08/25/2023 08:30:40 AM]: ... (split_csv_file_pandas_todos) executada para leitura do arquivo csv no arquivo/tabela (K3241.K03200Y8.D30812.SOCIOCSV) 
Com tempo de (00:00:08)h:mim:s ...
INFO:[08/25/2023 08:30:45 AM]: ... (split_csv_file_pandas_todos) executada para criacao dos novos arquivos csv no arquivo/tabela (K3241.K03200Y8.D30812.SOCIOCSV) 
Com tempo de (00:00:05)h:mim:s ...
INFO:[08/25/2023 08:30:54 AM]: ... (split_csv_file_pandas_todos) executada para leitura do arquivo csv no arquivo/tabela (K3241.K03200Y9.D30812.EMPRECSV) 
Com tempo de (00:00:09)h:mim:s ...
INFO:[08/25/2023 08:31:03 AM]: ... (split_csv_file_pandas_todos) executada para criacao dos novos arquivos csv no arquivo/tabela (K3241.K03200Y9.D30812.EMPRECSV) 
Com tempo de (00:00:09)h:mim:s ...
INFO:[08/25/2023 08:31:31 AM]: ... (split_csv_file_pandas_todos) executada para leitura do arquivo csv no arquivo/tabela (K3241.K03200Y9.D30812.ESTABELE) 
Com tempo de (00:00:27)h:mim:s ...
INFO:[08/25/2023 08:31:34 AM]: ... (split_csv_file_pandas_todos) executada para criacao das colunas cnpj completo no arquivo/tabela (K3241.K03200Y9.D30812.ESTABELE) 
Com tempo de (00:00:03)h:mim:s ...
INFO:[08/25/2023 08:32:08 AM]: ... (split_csv_file_pandas_todos) executada para criacao dos novos arquivos csv no arquivo/tabela (K3241.K03200Y9.D30812.ESTABELE) 
Com tempo de (00:00:34)h:mim:s ...
INFO:[08/25/2023 08:32:16 AM]: ... (split_csv_file_pandas_todos) executada para leitura do arquivo csv no arquivo/tabela (K3241.K03200Y9.D30812.SOCIOCSV) 
Com tempo de (00:00:06)h:mim:s ...
INFO:[08/25/2023 08:32:21 AM]: ... (split_csv_file_pandas_todos) executada para criacao dos novos arquivos csv no arquivo/tabela (K3241.K03200Y9.D30812.SOCIOCSV) 
Com tempo de (00:00:04)h:mim:s ...
INFO:[08/25/2023 08:32:21 AM]: ... (converter_utf8_arq_rfb_estab) executada para convers�o/separa��o/cria��o coluna no arquivo/tabela (K3241.K03200Y9.D30812.SOCIOCSV) 
Com tempo de (00:00:11)h:mim:s ...
INFO:[08/25/2023 08:32:21 AM]: ### O processo total (converter_utf8_arq_rfb_estab) de convers�o/separa��o/cria��o coluna foi finalizado... 
 Com tempo de (00:24:13)h:mim:s ###
INFO:[08/25/2023 08:41:40 AM]: ... (leitura_csv_insercao_bd_sql) executada para inser��o no banco de dados no arquivo/tabela (K3241.K03200Y0.D30812.EMPRECSV._parte_1) 
Com tempo de (00:00:37)h:mim:s ...
INFO:[08/25/2023 08:42:20 AM]: ... (leitura_csv_insercao_bd_sql) executada para inser��o no banco de dados no arquivo/tabela (K3241.K03200Y0.D30812.EMPRECSV._parte_2) 
Com tempo de (00:00:39)h:mim:s ...
INFO:[08/25/2023 08:42:46 AM]: ... (leitura_csv_insercao_bd_sql) executada para inser��o no banco de dados no arquivo/tabela (K3241.K03200Y0.D30812.EMPRECSV._parte_3) 
Com tempo de (00:00:26)h:mim:s ...
INFO:[08/25/2023 08:43:16 AM]: ... (leitura_csv_insercao_bd_sql) executada para inser��o no banco de dados no arquivo/tabela (K3241.K03200Y1.D30812.EMPRECSV._parte_1) 
Com tempo de (00:00:30)h:mim:s ...
INFO:[08/25/2023 08:43:39 AM]: ... (leitura_csv_insercao_bd_sql) executada para inser��o no banco de dados no arquivo/tabela (K3241.K03200Y2.D30812.EMPRECSV._parte_1) 
Com tempo de (00:00:22)h:mim:s ...
INFO:[08/25/2023 08:44:05 AM]: ... (leitura_csv_insercao_bd_sql) executada para inser��o no banco de dados no arquivo/tabela (K3241.K03200Y3.D30812.EMPRECSV._parte_1) 
Com tempo de (00:00:25)h:mim:s ...
INFO:[08/25/2023 08:44:24 AM]: ... (leitura_csv_insercao_bd_sql) executada para inser��o no banco de dados no arquivo/tabela (K3241.K03200Y4.D30812.EMPRECSV._parte_1) 
Com tempo de (00:00:18)h:mim:s ...
INFO:[08/25/2023 08:44:49 AM]: ... (leitura_csv_insercao_bd_sql) executada para inser��o no banco de dados no arquivo/tabela (K3241.K03200Y5.D30812.EMPRECSV._parte_1) 
Com tempo de (00:00:25)h:mim:s ...
INFO:[08/25/2023 08:45:08 AM]: ... (leitura_csv_insercao_bd_sql) executada para inser��o no banco de dados no arquivo/tabela (K3241.K03200Y6.D30812.EMPRECSV._parte_1) 
Com tempo de (00:00:18)h:mim:s ...
INFO:[08/25/2023 08:45:33 AM]: ... (leitura_csv_insercao_bd_sql) executada para inser��o no banco de dados no arquivo/tabela (K3241.K03200Y7.D30812.EMPRECSV._parte_1) 
Com tempo de (00:00:24)h:mim:s ...
INFO:[08/25/2023 08:45:54 AM]: ... (leitura_csv_insercao_bd_sql) executada para inser��o no banco de dados no arquivo/tabela (K3241.K03200Y8.D30812.EMPRECSV._parte_1) 
Com tempo de (00:00:20)h:mim:s ...
INFO:[08/25/2023 08:46:38 AM]: ... (leitura_csv_insercao_bd_sql) executada para inser��o no banco de dados no arquivo/tabela (K3241.K03200Y9.D30812.EMPRECSV._parte_1) 
Com tempo de (00:00:44)h:mim:s ...
INFO:[08/25/2023 08:46:38 AM]: *** (leitura_csv_insercao_bd_sql) executada em todos os arquivos EMPRE 
Com tempo de (00:05:36)h:mim:s ***
INFO:[08/25/2023 08:48:50 AM]: ... (leitura_csv_insercao_bd_sql) executada para inser��o no banco de dados no arquivo/tabela (K3241.K03200Y0.D30812.ESTABELE._parte_1) 
Com tempo de (00:02:10)h:mim:s ...
INFO:[08/25/2023 08:50:12 AM]: ... (leitura_csv_insercao_bd_sql) executada para inser��o no banco de dados no arquivo/tabela (K3241.K03200Y0.D30812.ESTABELE._parte_2) 
Com tempo de (00:01:21)h:mim:s ...
INFO:[08/25/2023 08:51:23 AM]: ... (leitura_csv_insercao_bd_sql) executada para inser��o no banco de dados no arquivo/tabela (K3241.K03200Y0.D30812.ESTABELE._parte_3) 
Com tempo de (00:01:10)h:mim:s ...
INFO:[08/25/2023 08:52:58 AM]: ... (leitura_csv_insercao_bd_sql) executada para inser��o no banco de dados no arquivo/tabela (K3241.K03200Y1.D30812.ESTABELE._parte_1) 
Com tempo de (00:01:35)h:mim:s ...
INFO:[08/25/2023 08:54:31 AM]: ... (leitura_csv_insercao_bd_sql) executada para inser��o no banco de dados no arquivo/tabela (K3241.K03200Y2.D30812.ESTABELE._parte_1) 
Com tempo de (00:01:32)h:mim:s ...
INFO:[08/25/2023 08:56:02 AM]: ... (leitura_csv_insercao_bd_sql) executada para inser��o no banco de dados no arquivo/tabela (K3241.K03200Y3.D30812.ESTABELE._parte_1) 
Com tempo de (00:01:31)h:mim:s ...
INFO:[08/25/2023 08:57:15 AM]: ... (leitura_csv_insercao_bd_sql) executada para inser��o no banco de dados no arquivo/tabela (K3241.K03200Y4.D30812.ESTABELE._parte_1) 
Com tempo de (00:01:12)h:mim:s ...
INFO:[08/25/2023 08:58:39 AM]: ... (leitura_csv_insercao_bd_sql) executada para inser��o no banco de dados no arquivo/tabela (K3241.K03200Y5.D30812.ESTABELE._parte_1) 
Com tempo de (00:01:24)h:mim:s ...
INFO:[08/25/2023 08:59:55 AM]: ... (leitura_csv_insercao_bd_sql) executada para inser��o no banco de dados no arquivo/tabela (K3241.K03200Y6.D30812.ESTABELE._parte_1) 
Com tempo de (00:01:15)h:mim:s ...
INFO:[08/25/2023 09:01:05 AM]: ... (leitura_csv_insercao_bd_sql) executada para inser��o no banco de dados no arquivo/tabela (K3241.K03200Y7.D30812.ESTABELE._parte_1) 
Com tempo de (00:01:10)h:mim:s ...
INFO:[08/25/2023 09:04:04 AM]: ... (leitura_csv_insercao_bd_sql) executada para inser��o no banco de dados no arquivo/tabela (K3241.K03200Y8.D30812.ESTABELE._parte_1) 
Com tempo de (00:02:59)h:mim:s ...
INFO:[08/25/2023 09:07:30 AM]: ... (leitura_csv_insercao_bd_sql) executada para inser��o no banco de dados no arquivo/tabela (K3241.K03200Y9.D30812.ESTABELE._parte_1) 
Com tempo de (00:03:25)h:mim:s ...
INFO:[08/25/2023 09:07:30 AM]: *** (leitura_csv_insercao_bd_sql) executada em todos os arquivos ESTABELE 
Com tempo de (00:20:50)h:mim:s ***
INFO:[08/25/2023 09:08:34 AM]: ... (leitura_csv_insercao_bd_sql) executada para inser��o no banco de dados no arquivo/tabela (K3241.K03200Y0.D30812.SOCIOCSV._parte_1) 
Com tempo de (00:01:01)h:mim:s ...
INFO:[08/25/2023 09:09:16 AM]: ... (leitura_csv_insercao_bd_sql) executada para inser��o no banco de dados no arquivo/tabela (K3241.K03200Y1.D30812.SOCIOCSV._parte_1) 
Com tempo de (00:00:41)h:mim:s ...
INFO:[08/25/2023 09:09:38 AM]: ... (leitura_csv_insercao_bd_sql) executada para inser��o no banco de dados no arquivo/tabela (K3241.K03200Y2.D30812.SOCIOCSV._parte_1) 
Com tempo de (00:00:22)h:mim:s ...
INFO:[08/25/2023 09:10:04 AM]: ... (leitura_csv_insercao_bd_sql) executada para inser��o no banco de dados no arquivo/tabela (K3241.K03200Y3.D30812.SOCIOCSV._parte_1) 
Com tempo de (00:00:26)h:mim:s ...
INFO:[08/25/2023 09:10:43 AM]: ... (leitura_csv_insercao_bd_sql) executada para inser��o no banco de dados no arquivo/tabela (K3241.K03200Y4.D30812.SOCIOCSV._parte_1) 
Com tempo de (00:00:38)h:mim:s ...
INFO:[08/25/2023 09:11:26 AM]: ... (leitura_csv_insercao_bd_sql) executada para inser��o no banco de dados no arquivo/tabela (K3241.K03200Y5.D30812.SOCIOCSV._parte_1) 
Com tempo de (00:00:42)h:mim:s ...
INFO:[08/25/2023 09:11:47 AM]: ... (leitura_csv_insercao_bd_sql) executada para inser��o no banco de dados no arquivo/tabela (K3241.K03200Y6.D30812.SOCIOCSV._parte_1) 
Com tempo de (00:00:21)h:mim:s ...
INFO:[08/25/2023 09:12:08 AM]: ... (leitura_csv_insercao_bd_sql) executada para inser��o no banco de dados no arquivo/tabela (K3241.K03200Y7.D30812.SOCIOCSV._parte_1) 
Com tempo de (00:00:20)h:mim:s ...
INFO:[08/25/2023 09:12:45 AM]: ... (leitura_csv_insercao_bd_sql) executada para inser��o no banco de dados no arquivo/tabela (K3241.K03200Y8.D30812.SOCIOCSV._parte_1) 
Com tempo de (00:00:36)h:mim:s ...
INFO:[08/25/2023 09:13:22 AM]: ... (leitura_csv_insercao_bd_sql) executada para inser��o no banco de dados no arquivo/tabela (K3241.K03200Y9.D30812.SOCIOCSV._parte_1) 
Com tempo de (00:00:36)h:mim:s ...
INFO:[08/25/2023 09:13:22 AM]: *** (leitura_csv_insercao_bd_sql) executada em todos os arquivos SOCIO 
Com tempo de (00:05:50)h:mim:s ***
INFO:[08/25/2023 09:14:00 AM]: ... (leitura_csv_insercao_bd_sql) executada para inser��o no banco de dados no arquivo/tabela (F.K03200$W.SIMPLES.CSV.D30812._parte_1) 
Com tempo de (00:00:37)h:mim:s ...
INFO:[08/25/2023 09:14:48 AM]: ... (leitura_csv_insercao_bd_sql) executada para inser��o no banco de dados no arquivo/tabela (F.K03200$W.SIMPLES.CSV.D30812._parte_2) 
Com tempo de (00:00:47)h:mim:s ...
INFO:[08/25/2023 09:16:02 AM]: ... (leitura_csv_insercao_bd_sql) executada para inser��o no banco de dados no arquivo/tabela (F.K03200$W.SIMPLES.CSV.D30812._parte_3) 
Com tempo de (00:01:13)h:mim:s ...
INFO:[08/25/2023 09:16:37 AM]: ... (leitura_csv_insercao_bd_sql) executada para inser��o no banco de dados no arquivo/tabela (F.K03200$W.SIMPLES.CSV.D30812._parte_4) 
Com tempo de (00:00:35)h:mim:s ...
INFO:[08/25/2023 09:17:33 AM]: ... (leitura_csv_insercao_bd_sql) executada para inser��o no banco de dados no arquivo/tabela (F.K03200$W.SIMPLES.CSV.D30812._parte_5) 
Com tempo de (00:00:55)h:mim:s ...
INFO:[08/25/2023 09:18:02 AM]: ... (leitura_csv_insercao_bd_sql) executada para inser��o no banco de dados no arquivo/tabela (F.K03200$W.SIMPLES.CSV.D30812._parte_6) 
Com tempo de (00:00:29)h:mim:s ...
INFO:[08/25/2023 09:18:49 AM]: ... (leitura_csv_insercao_bd_sql) executada para inser��o no banco de dados no arquivo/tabela (F.K03200$W.SIMPLES.CSV.D30812._parte_7) 
Com tempo de (00:00:46)h:mim:s ...
INFO:[08/25/2023 09:19:04 AM]: ... (leitura_csv_insercao_bd_sql) executada para inser��o no banco de dados no arquivo/tabela (F.K03200$W.SIMPLES.CSV.D30812._parte_8) 
Com tempo de (00:00:15)h:mim:s ...
INFO:[08/25/2023 09:19:04 AM]: *** (leitura_csv_insercao_bd_sql) executada em todos os arquivos SIMPLES 
Com tempo de (00:05:41)h:mim:s ***
INFO:[08/25/2023 09:19:06 AM]: ... (leitura_csv_insercao_bd_sql) executada para inser��o no banco de dados no arquivo/tabela (F.K03200$Z.D30812.CNAECSV._parte_1) 
Com tempo de (00:00:00)h:mim:s ...
INFO:[08/25/2023 09:19:06 AM]: *** (leitura_csv_insercao_bd_sql) executada em todos os arquivos CNAE 
Com tempo de (00:00:00)h:mim:s ***
INFO:[08/25/2023 09:19:07 AM]: ... (leitura_csv_insercao_bd_sql) executada para inser��o no banco de dados no arquivo/tabela (F.K03200$Z.D30812.MOTICSV._parte_1) 
Com tempo de (00:00:00)h:mim:s ...
INFO:[08/25/2023 09:19:07 AM]: *** (leitura_csv_insercao_bd_sql) executada em todos os arquivos MOTI 
Com tempo de (00:00:00)h:mim:s ***
INFO:[08/25/2023 09:19:09 AM]: ... (leitura_csv_insercao_bd_sql) executada para inser��o no banco de dados no arquivo/tabela (F.K03200$Z.D30812.MUNICCSV._parte_1) 
Com tempo de (00:00:00)h:mim:s ...
INFO:[08/25/2023 09:19:09 AM]: *** (leitura_csv_insercao_bd_sql) executada em todos os arquivos MUNIC 
Com tempo de (00:00:00)h:mim:s ***
INFO:[08/25/2023 09:19:10 AM]: ... (leitura_csv_insercao_bd_sql) executada para inser��o no banco de dados no arquivo/tabela (F.K03200$Z.D30812.NATJUCSV._parte_1) 
Com tempo de (00:00:00)h:mim:s ...
INFO:[08/25/2023 09:19:10 AM]: *** (leitura_csv_insercao_bd_sql) executada em todos os arquivos NATJU 
Com tempo de (00:00:00)h:mim:s ***
INFO:[08/25/2023 09:19:11 AM]: ... (leitura_csv_insercao_bd_sql) executada para inser��o no banco de dados no arquivo/tabela (F.K03200$Z.D30812.PAISCSV._parte_1) 
Com tempo de (00:00:00)h:mim:s ...
INFO:[08/25/2023 09:19:11 AM]: *** (leitura_csv_insercao_bd_sql) executada em todos os arquivos PAIS 
Com tempo de (00:00:00)h:mim:s ***
INFO:[08/25/2023 09:19:12 AM]: ... (leitura_csv_insercao_bd_sql) executada para inser��o no banco de dados no arquivo/tabela (F.K03200$Z.D30812.QUALSCSV._parte_1) 
Com tempo de (00:00:00)h:mim:s ...
INFO:[08/25/2023 09:19:12 AM]: *** (leitura_csv_insercao_bd_sql) executada em todos os arquivos QUALS 
Com tempo de (00:00:00)h:mim:s ***
INFO:[08/25/2023 09:19:12 AM]: *** (inserir_dados_estab_bd) executada em todos os arquivos  
Com tempo de (00:38:13)h:mim:s ***
INFO:[08/25/2023 09:19:12 AM]: ### O processo total (inserir_dados_estab_bd) de inser��o no banco de todas as se��es foi finalizado... 
 Com tempo de (00:38:13)h:mim:s ###
INFO:[08/25/2023 09:27:25 AM]: ... (remover_repetidos_tabelas) executada para remo��o de cnpj repetidos na coluna id_cod_cnpj_basico no arquivo/tabela (tb_rfb_empresas) 
Com tempo de (00:01:28)h:mim:s ...
INFO:[08/25/2023 09:34:15 AM]: ... (verificar_repetidos_tabelas) executada para verifica��o de cnpj repetidos na coluna id_cod_cnpj_completo_num no arquivo/tabela (tb_rfb_estabelecimentos) 
Com tempo de (00:06:49)h:mim:s ...
ERROR:[08/25/2023 09:34:15 AM]: 
 !!!!!!!!!!!!!!!!!!!!!!!!!!!!!!!!!!!!!!!!!!!!!!!!!!!!!!!!!!!!!!!!!!!!!!!!!!!!!!!!!!!!!!!!!!!!!!!!!!!!!!!!!!!!
(remover_repetidos_tabelas) finalizada com erro abaixo: 
 (cannot unpack non-iterable NoneType object)
 !!!!!!!!!!!!!!!!!!!!!!!!!!!!!!!!!!!!!!!!!!!!!!!!!!!!!!!!!!!!!!!!!!!!!!!!!!!!!!!!!!!!!!!!!!!!!!!!!!!!!!!!!!!!
Traceback (most recent call last):
  File "d:\13_Proj\Projeto_ETL_RFB_IBGE_ANP\src\B_Def_Global.py", line 1476, in remover_repetidos_tabelas
    df_list, df_ori, valor_tmp = verificar_repetidos_tabelas(base_dados,
    ^^^^^^^^^^^^^^^^^^^^^^^^^^
TypeError: cannot unpack non-iterable NoneType object
INFO:[08/25/2023 09:34:15 AM]: ### O processo total (cnpj_repetidos_rfb) de verifica��o/remo��o de cnpj repetidos nas tabelas na dados_etl foi finalizado... 
 Com tempo de (00:08:18)h:mim:s ###
INFO:[08/25/2023 10:02:25 AM]: ... (inserir_dados_faltantes_tabelas) executada para inser��o de dados faltantes na coluna id_cod_pais no arquivo/tabela (tb_rfb_pais) 
Com tempo de (00:05:39)h:mim:s ...
INFO:[08/25/2023 10:04:54 AM]: ... (inserir_dados_faltantes_tabelas) executada para inser��o de dados faltantes na coluna id_cod_cnpj_basico no arquivo/tabela (tb_rfb_empresas) 
Com tempo de (00:02:29)h:mim:s ...
INFO:[08/25/2023 10:04:54 AM]: ### O processo total (dados_faltantes_rfb) de verifica��o/inser��o de valores faltantes nas tabelas na dados_etl foi finalizado... 
 Com tempo de (00:08:09)h:mim:s ###
INFO:[08/25/2023 10:07:56 AM]: ... (criar_chaves_primaria_tabelas) executada para cria��o na coluna id_cod_cnpj_basico de uma chave prim�ria no arquivo/tabela (tb_rfb_empresas) 
Com tempo de (00:01:10)h:mim:s ...
INFO:[08/25/2023 10:13:32 AM]: ... (criar_chaves_primaria_tabelas) executada para cria��o na coluna id_cod_cnpj_completo_num de uma chave prim�ria no arquivo/tabela (tb_rfb_estabelecimentos) 
Com tempo de (00:05:36)h:mim:s ...
INFO:[08/25/2023 10:13:33 AM]: ... (criar_chaves_primaria_tabelas) executada para cria��o na coluna id_cod_municipio_tom_rfb de uma chave prim�ria no arquivo/tabela (tb_rfb_municipios) 
Com tempo de (00:00:00)h:mim:s ...
INFO:[08/25/2023 10:13:33 AM]: ... (criar_chaves_primaria_tabelas) executada para cria��o na coluna id_cod_cnae_ibge de uma chave prim�ria no arquivo/tabela (tb_rfb_cnae) 
Com tempo de (00:00:00)h:mim:s ...
INFO:[08/25/2023 10:13:34 AM]: ... (criar_chaves_primaria_tabelas) executada para cria��o na coluna id_cod_motivo de uma chave prim�ria no arquivo/tabela (tb_rfb_motivos) 
Com tempo de (00:00:00)h:mim:s ...
INFO:[08/25/2023 10:13:34 AM]: ... (criar_chaves_primaria_tabelas) executada para cria��o na coluna id_cod_natiju de uma chave prim�ria no arquivo/tabela (tb_rfb_natju) 
Com tempo de (00:00:00)h:mim:s ...
INFO:[08/25/2023 10:13:34 AM]: ... (criar_chaves_primaria_tabelas) executada para cria��o na coluna id_cod_qual_socio de uma chave prim�ria no arquivo/tabela (tb_rfb_qualsocio) 
Com tempo de (00:00:00)h:mim:s ...
INFO:[08/25/2023 10:13:34 AM]: ... (criar_chaves_primaria_tabelas) executada para cria��o na coluna id_cod_pais de uma chave prim�ria no arquivo/tabela (tb_rfb_pais) 
Com tempo de (00:00:00)h:mim:s ...
INFO:[08/25/2023 10:19:20 AM]: ... (criar_chaves_estrangeiras_tabelas) executada para cria��o na coluna id_cod_cnpj_basico de uma chave estrangeira no arquivo/tabela (tb_rfb_estabelecimentos) 
Com tempo de (00:05:44)h:mim:s ...
INFO:[08/25/2023 10:21:01 AM]: ... (criar_chaves_estrangeiras_tabelas) executada para cria��o na coluna id_cod_municipio_tom de uma chave estrangeira no arquivo/tabela (tb_rfb_estabelecimentos) 
Com tempo de (00:01:40)h:mim:s ...
INFO:[08/25/2023 10:22:40 AM]: ... (criar_chaves_estrangeiras_tabelas) executada para cria��o na coluna cod_cnae_fiscal_principal de uma chave estrangeira no arquivo/tabela (tb_rfb_estabelecimentos) 
Com tempo de (00:01:38)h:mim:s ...
INFO:[08/25/2023 10:24:33 AM]: ... (criar_chaves_estrangeiras_tabelas) executada para cria��o na coluna cod_motivo_situacao_cadastral de uma chave estrangeira no arquivo/tabela (tb_rfb_estabelecimentos) 
Com tempo de (00:01:52)h:mim:s ...
INFO:[08/25/2023 10:27:29 AM]: ... (criar_chaves_estrangeiras_tabelas) executada para cria��o na coluna cod_pais de uma chave estrangeira no arquivo/tabela (tb_rfb_estabelecimentos) 
Com tempo de (00:02:56)h:mim:s ...
INFO:[08/25/2023 10:28:55 AM]: ... (criar_chaves_estrangeiras_tabelas) executada para cria��o na coluna cod_natureza_juridica de uma chave estrangeira no arquivo/tabela (tb_rfb_empresas) 
Com tempo de (00:01:25)h:mim:s ...
INFO:[08/25/2023 10:30:50 AM]: ... (criar_chaves_estrangeiras_tabelas) executada para cria��o na coluna id_cod_cnpj_basico de uma chave estrangeira no arquivo/tabela (tb_rfb_socios) 
Com tempo de (00:01:54)h:mim:s ...
INFO:[08/25/2023 10:30:54 AM]: ... (criar_chaves_estrangeiras_tabelas) executada para cria��o na coluna qualificacao_socio de uma chave estrangeira no arquivo/tabela (tb_rfb_socios) 
Com tempo de (00:00:04)h:mim:s ...
INFO:[08/25/2023 10:32:30 AM]: ... (criar_chaves_estrangeiras_tabelas) executada para cria��o na coluna id_cod_cnpj_basico de uma chave estrangeira no arquivo/tabela (tb_rfb_simples) 
Com tempo de (00:01:36)h:mim:s ...
INFO:[08/25/2023 10:32:30 AM]: ### O processo total (criar_indices_rfb) de cria��o de chaves prim�rias e estrangeiras nas tabelas na dados_etl foi finalizado... 
 Com tempo de (00:25:44)h:mim:s ###
INFO:[08/25/2023 10:51:02 AM]: O arquivo D:\13_Proj\Projeto_ETL_RFB_IBGE_ANP\files\dados_ibge\tb_aux_municipios_ibge_rfb.csv foi baixado com sucesso.
INFO:[08/25/2023 10:51:03 AM]: ... (municipios_ibge) executada para download no arquivo/tabela (tb_aux_municipios_ibge_rfb.csv) 
Com tempo de (00:00:02)h:mim:s ...
INFO:[08/25/2023 10:51:38 AM]: O arquivo D:\13_Proj\Projeto_ETL_RFB_IBGE_ANP\files\dados_ibge\tb_ibge_pop_2022.json foi baixado com sucesso.
INFO:[08/25/2023 10:51:39 AM]: ... (populacao_2022_ibge) executada para download no arquivo/tabela (tb_ibge_pop_2022) 
Com tempo de (00:00:07)h:mim:s ...
INFO:[08/25/2023 10:52:45 AM]: ... (pib_ibge) executada para download no arquivo/tabela (tb_ibge_pib_2020) 
Com tempo de (00:00:41)h:mim:s ...
INFO:[08/25/2023 10:53:04 AM]: O arquivo D:\13_Proj\Projeto_ETL_RFB_IBGE_ANP\files\dados_ibge\tb_ibge_areas_urbanizadas_2019.json foi baixado com sucesso.
INFO:[08/25/2023 10:53:06 AM]: ... (area_ter_urb_ibge) executada para download no arquivo/tabela (tb_ibge_areas_urbanizadas_2019) 
Com tempo de (00:00:07)h:mim:s ...
INFO:[08/25/2023 10:53:39 AM]: O arquivo D:\13_Proj\Projeto_ETL_RFB_IBGE_ANP\files\dados_ibge\tb_ibge_areas_territoriais_2022.json foi baixado com sucesso.
INFO:[08/25/2023 10:53:40 AM]: ... (total_area_ter_2022_ibge) executada para download no arquivo/tabela (tb_ibge_areas_territoriais_2022) 
Com tempo de (00:00:08)h:mim:s ...
INFO:[08/25/2023 10:55:03 AM]: ... (cnae_detalhado_ibge) executada para download no arquivo/tabela (tb_ibge_cnae_detalhado) 
Com tempo de (00:00:04)h:mim:s ...
INFO:[08/25/2023 10:56:27 AM]: ... (leitura_csv_insercao_bd_sql) executada para inser��o no banco de dados no arquivo/tabela (tb_aux_municipios_ibge_rfb.csv) 
Com tempo de (00:00:00)h:mim:s ...
INFO:[08/25/2023 10:56:27 AM]: *** (leitura_csv_insercao_bd_sql) executada em todos os arquivos tb_aux_municipios_ibge_rfb.csv 
Com tempo de (00:00:00)h:mim:s ***
INFO:[08/25/2023 10:56:27 AM]: ... (leitura_csv_insercao_bd_sql) executada para inser��o no banco de dados no arquivo/tabela (tb_ibge_pop_2022.csv) 
Com tempo de (00:00:00)h:mim:s ...
INFO:[08/25/2023 10:56:27 AM]: *** (leitura_csv_insercao_bd_sql) executada em todos os arquivos tb_ibge_pop_2022.csv 
Com tempo de (00:00:00)h:mim:s ***
INFO:[08/25/2023 10:56:27 AM]: ... (leitura_csv_insercao_bd_sql) executada para inser��o no banco de dados no arquivo/tabela (tb_ibge_pib_2020.csv) 
Com tempo de (00:00:00)h:mim:s ...
INFO:[08/25/2023 10:56:27 AM]: *** (leitura_csv_insercao_bd_sql) executada em todos os arquivos tb_ibge_pib_2020.csv 
Com tempo de (00:00:00)h:mim:s ***
INFO:[08/25/2023 10:56:27 AM]: ... (leitura_csv_insercao_bd_sql) executada para inser��o no banco de dados no arquivo/tabela (tb_ibge_areas_urbanizadas_2019.csv) 
Com tempo de (00:00:00)h:mim:s ...
INFO:[08/25/2023 10:56:27 AM]: *** (leitura_csv_insercao_bd_sql) executada em todos os arquivos tb_ibge_areas_urbanizadas_2019.csv 
Com tempo de (00:00:00)h:mim:s ***
INFO:[08/25/2023 10:56:27 AM]: ... (leitura_csv_insercao_bd_sql) executada para inser��o no banco de dados no arquivo/tabela (tb_ibge_areas_territoriais_2022.csv) 
Com tempo de (00:00:00)h:mim:s ...
INFO:[08/25/2023 10:56:27 AM]: *** (leitura_csv_insercao_bd_sql) executada em todos os arquivos tb_ibge_areas_territoriais_2022.csv 
Com tempo de (00:00:00)h:mim:s ***
INFO:[08/25/2023 10:56:29 AM]: ... (leitura_csv_insercao_bd_sql) executada para inser��o no banco de dados no arquivo/tabela (tb_ibge_cnae_detalhado.csv) 
Com tempo de (00:00:00)h:mim:s ...
INFO:[08/25/2023 10:56:29 AM]: *** (leitura_csv_insercao_bd_sql) executada em todos os arquivos tb_ibge_cnae_detalhado.csv 
Com tempo de (00:00:01)h:mim:s ***
INFO:[08/25/2023 10:56:29 AM]: *** (inserir_dados_ibge_bd) executada em todos os arquivos  
Com tempo de (00:00:06)h:mim:s ***
INFO:[08/25/2023 10:56:29 AM]: ### O processo total (inserir_dados_ibge_bd) de inser��o no banco de todas as se��es foi finalizado... 
 Com tempo de (00:00:06)h:mim:s ###
INFO:[08/25/2023 10:56:57 AM]: ... (criar_chaves_primaria_tabelas) executada para cria��o na coluna id_cod_municipio_ibge de uma chave prim�ria no arquivo/tabela (tb_ibge_municipios) 
Com tempo de (00:00:00)h:mim:s ...
INFO:[08/25/2023 10:56:59 AM]: ... (criar_chaves_estrangeiras_tabelas) executada para cria��o na coluna id_cod_municipio_tom_rfb de uma chave estrangeira no arquivo/tabela (tb_ibge_municipios) 
Com tempo de (00:00:00)h:mim:s ...
INFO:[08/25/2023 10:56:59 AM]: ... (criar_chaves_estrangeiras_tabelas) executada para cria��o na coluna id_cod_municipio_ibge de uma chave estrangeira no arquivo/tabela (tb_ibge_pop_2022) 
Com tempo de (00:00:00)h:mim:s ...
INFO:[08/25/2023 10:56:59 AM]: ... (criar_chaves_estrangeiras_tabelas) executada para cria��o na coluna id_cod_municipio_ibge de uma chave estrangeira no arquivo/tabela (tb_ibge_pib_2020) 
Com tempo de (00:00:00)h:mim:s ...
INFO:[08/25/2023 10:56:59 AM]: ... (criar_chaves_estrangeiras_tabelas) executada para cria��o na coluna id_cod_municipio_ibge de uma chave estrangeira no arquivo/tabela (tb_ibge_areas_urbanizadas_2019) 
Com tempo de (00:00:00)h:mim:s ...
INFO:[08/25/2023 10:56:59 AM]: ... (criar_chaves_estrangeiras_tabelas) executada para cria��o na coluna id_cod_municipio_ibge de uma chave estrangeira no arquivo/tabela (tb_ibge_areas_territoriais_2022) 
Com tempo de (00:00:00)h:mim:s ...
INFO:[08/25/2023 10:57:00 AM]: ... (criar_chaves_estrangeiras_tabelas) executada para cria��o na coluna id_cod_cnae_subclasse_ibge de uma chave estrangeira no arquivo/tabela (tb_ibge_cnae_detalhado) 
Com tempo de (00:00:01)h:mim:s ...
INFO:[08/25/2023 10:57:00 AM]: *** (criar_indices_ibge) executada em todos os arquivos  
Com tempo de (00:00:02)h:mim:s ***
INFO:[08/25/2023 10:57:00 AM]: ### O processo total (criar_indices_ibge) de cria��o de chaves prim�rias e estrangeiras nas tabelas na dados_etl foi finalizado... 
 Com tempo de (00:00:02)h:mim:s ###
INFO:[08/25/2023 11:17:44 AM]: ... (postos_combustiveis_anp) executada para download no arquivo/tabela (tb_postos_combustiveis_anp) 
Com tempo de (00:00:21)h:mim:s ...
INFO:[08/25/2023 11:22:59 AM]: ... (leitura_csv_insercao_bd_sql) executada para inser��o no banco de dados no arquivo/tabela (tb_postos_combustiveis_anp.csv) 
Com tempo de (00:00:00)h:mim:s ...
INFO:[08/25/2023 11:22:59 AM]: *** (leitura_csv_insercao_bd_sql) executada em todos os arquivos tb_postos_combustiveis_anp 
Com tempo de (00:00:00)h:mim:s ***
INFO:[08/25/2023 11:22:59 AM]: *** (inserir_dados_anp_bd) executada em todos os arquivos  
Com tempo de (00:00:00)h:mim:s ***
INFO:[08/25/2023 11:22:59 AM]: ### O processo total (inserir_dados_anp_bd) de inser��o no banco de dados os dados do ANP foi finalizado... 
 Com tempo de (00:00:00)h:mim:s ###
INFO:[08/25/2023 11:23:20 AM]: ### O processo total (dados_faltantes_anp) de verifica��o/inser��o de valores faltantes nas tabelas na dados_etl foi finalizado... 
 Com tempo de (00:00:00)h:mim:s ###
INFO:[08/25/2023 11:25:03 AM]: ... (verificar_dados_faltantes_tabelas) executada para verifica��o de dados faltantes na coluna id_cod_cnpj_completo_num no arquivo/tabela (tb_rfb_estabelecimentos) 
Com tempo de (00:01:41)h:mim:s ...
ERROR:[08/25/2023 11:25:03 AM]: 
 !!!!!!!!!!!!!!!!!!!!!!!!!!!!!!!!!!!!!!!!!!!!!!!!!!!!!!!!!!!!!!!!!!!!!!!!!!!!!!!!!!!!!!!!!!!!!!!!!!!!!!!!!!!!
(inserir_dados_faltantes_tabelas) finalizada com erro abaixo: 
 (cannot unpack non-iterable NoneType object)
 !!!!!!!!!!!!!!!!!!!!!!!!!!!!!!!!!!!!!!!!!!!!!!!!!!!!!!!!!!!!!!!!!!!!!!!!!!!!!!!!!!!!!!!!!!!!!!!!!!!!!!!!!!!!
Traceback (most recent call last):
  File "d:\13_Proj\Projeto_ETL_RFB_IBGE_ANP\src\B_Def_Global.py", line 1755, in inserir_dados_faltantes_tabelas
    df_list, df_ori, valor_tmp = verificar_dados_faltantes_tabelas(base_dados,
    ^^^^^^^^^^^^^^^^^^^^^^^^^^
TypeError: cannot unpack non-iterable NoneType object
INFO:[08/25/2023 11:30:41 AM]: ... (criar_chaves_estrangeiras_tabelas) executada para cria��o na coluna id_cnpj_completo_anp de uma chave estrangeira no arquivo/tabela (tb_anp_postos_combustiveis) 
Com tempo de (00:05:23)h:mim:s ...
INFO:[08/25/2023 11:30:41 AM]: ### O processo total (criar_indices_anp) de cria��o de chaves prim�rias e estrangeiras nas tabelas na dados_etl foi finalizado... 
 Com tempo de (00:05:23)h:mim:s ###
INFO:[08/25/2023 11:42:38 AM]: ... (quantidade_populacao_IBGE) executada para download no arquivo/tabela (01_tb_ibge_quantidade_populacao_2022) 
Com tempo de (00:00:00)h:mim:s ...
INFO:[08/25/2023 11:42:38 AM]: ... (quantidade_municipios_IBGE) executada para download no arquivo/tabela (02_tb_ibge_quantidade_municipios_2022) 
Com tempo de (00:00:00)h:mim:s ...
INFO:[08/25/2023 11:42:38 AM]: ... (valor_pib_industrial_IBGE) executada para download no arquivo/tabela (03_tb_ibge_valor_pib_industrial_2022) 
Com tempo de (00:00:00)h:mim:s ...
INFO:[08/25/2023 11:42:38 AM]: ... (valor_area_territorial_IBGE) executada para download no arquivo/tabela (04_tb_ibge_valor_area_territorial_2022) 
Com tempo de (00:00:00)h:mim:s ...
INFO:[08/25/2023 11:49:05 AM]: ... (quantidade_populacao_IBGE) executada para download no arquivo/tabela (01_tb_ibge_quantidade_populacao_2022) 
Com tempo de (00:00:00)h:mim:s ...
INFO:[08/25/2023 11:49:05 AM]: ... (quantidade_municipios_IBGE) executada para download no arquivo/tabela (02_tb_ibge_quantidade_municipios_2022) 
Com tempo de (00:00:00)h:mim:s ...
INFO:[08/25/2023 11:49:05 AM]: ... (valor_pib_industrial_IBGE) executada para download no arquivo/tabela (03_tb_ibge_valor_pib_industrial_2022) 
Com tempo de (00:00:00)h:mim:s ...
INFO:[08/25/2023 11:49:05 AM]: ... (valor_area_territorial_IBGE) executada para download no arquivo/tabela (04_tb_ibge_valor_area_territorial_2022) 
Com tempo de (00:00:00)h:mim:s ...

INFO:[08/25/2023 12:05:07 PM]: ... (quantidade_populacao_IBGE) executada para download no arquivo/tabela (01_tb_ibge_quantidade_populacao_2022) 
Com tempo de (00:00:00)h:mim:s ...
INFO:[08/25/2023 12:05:13 PM]: ... (quantidade_municipios_IBGE) executada para download no arquivo/tabela (02_tb_ibge_quantidade_municipios_2022) 
Com tempo de (00:00:00)h:mim:s ...
INFO:[08/25/2023 12:05:20 PM]: ... (valor_pib_industrial_IBGE) executada para download no arquivo/tabela (03_tb_ibge_valor_pib_industrial_2022) 
Com tempo de (00:00:00)h:mim:s ...
INFO:[08/25/2023 12:05:26 PM]: ... (valor_area_territorial_IBGE) executada para download no arquivo/tabela (04_tb_ibge_valor_area_territorial_2022) 
Com tempo de (00:00:00)h:mim:s ...
INFO:[08/25/2023 12:23:12 PM]: ... (unidades_conservacao_ICMBIO) executada para download no arquivo/tabela (05_tb_icmbio_unidades_conservacao_2022) 
Com tempo de (00:00:01)h:mim:s ...
INFO:[08/25/2023 12:43:16 PM]: ... (municipios_faixas_fronteiras_IBGE_GEO) executada para download no arquivo/tabela (11_tb_ibge_municipios_faixas_fronteiras_2022_GEO) 
Com tempo de (00:00:02)h:mim:s ...
INFO:[08/25/2023 12:45:53 PM]: ... (capacidade_instalada_ANEEL_ENERG) executada para download no arquivo/tabela (12_tb_aneel_capacidade_instalada_2023_ENERG) 
Com tempo de (00:00:00)h:mim:s ...
INFO:[08/25/2023 12:46:00 PM]: ... (rede_pavimentada_DNIT_TRANSP) executada para download no arquivo/tabela (13_tb_denit_rede_pavimentada_2023_TRANSP) 
Com tempo de (00:00:00)h:mim:s ...
WARNING:[08/25/2023 12:46:19 PM]: Got stderr: ago 25, 2023 12:46:13 PM org.apache.pdfbox.pdmodel.font.PDSimpleFont toUnicode

ADVERT�NCIA: No Unicode mapping for 415 (80) in font RGKAGL+Calibri


INFO:[08/25/2023 12:46:19 PM]: ... (agencias_correios_SBC_TELECON) executada para download no arquivo/tabela (14_tb_correios_agencias_2019_TELECON) 
Com tempo de (00:00:09)h:mim:s ...
INFO:[08/25/2023 12:46:20 PM]: O arquivo D:\13_Proj\Projeto_ETL_RFB_IBGE_ANP\files\dados_var_estruturantes\OUTPUT_FILES\14_tb_anatel_rede_fibra_otica_2023_TELECON.zip foi baixado com sucesso.
INFO:[08/25/2023 12:46:20 PM]: ... (rede_fribra_otica_ANATEL_TELECON) executada para download no arquivo/tabela (14_tb_anatel_rede_fibra_otica_2023_TELECON) 
Com tempo de (00:00:00)h:mim:s ...
INFO:[08/25/2023 12:46:20 PM]: ... (var_TELECON) executada para download no arquivo/tabela (14_tb_telecomunicacoes_TELECON) 
Com tempo de (00:00:10)h:mim:s ...
INFO:[08/25/2023 12:46:39 PM]: O arquivo D:\13_Proj\Projeto_ETL_RFB_IBGE_ANP\files\dados_var_estruturantes\OUTPUT_FILES\15_tb_ibge_rede_abatecimento_agua_2017_SNB.zip foi baixado com sucesso.
INFO:[08/25/2023 12:46:39 PM]: O arquivo D:\13_Proj\Projeto_ETL_RFB_IBGE_ANP\files\dados_var_estruturantes\OUTPUT_FILES\15_tb_ibge_rede_esgoto_sanitario_2017_SNB.zip foi baixado com sucesso.
INFO:[08/25/2023 12:46:40 PM]: ... (agua_esgoto_IBGE_SNB) executada para download no arquivo/tabela (15_tb_ibge_rede_agua_esgoto_2017_SNB) 
Com tempo de (00:00:00)h:mim:s ...
INFO:[08/25/2023 12:47:08 PM]: ... (ocorrencias_criminais_MJSP_SEG) executada para download no arquivo/tabela (16_tb_mjsp_ocorrencias_criminais_2022_SEG) 
Com tempo de (00:00:19)h:mim:s ...
INFO:[08/25/2023 12:50:32 PM]: ... (estabelecimentos_per_capita_RFB) executada para download no arquivo/tabela (17_tb_rfb_estabelecimentos_per_capita_2023) 
Com tempo de (00:03:04)h:mim:s ...
INFO:[08/25/2023 12:51:42 PM]: ... (var_ECON) executada para download no arquivo/tabela (18_tb_economia_ECON) 
Com tempo de (00:00:00)h:mim:s ...
INFO:[08/25/2023 12:52:30 PM]: ... (tabela_var_estruturantes_final) executada para download no arquivo/tabela (20_tabela_var_estruturantes_final.csv) 
Com tempo de (00:00:00)h:mim:s ...
INFO:[08/25/2023 02:06:35 PM]: ... (quantidade_populacao_IBGE) executada para download no arquivo/tabela (01_tb_ibge_quantidade_populacao_2022) 
Com tempo de (00:00:00)h:mim:s ...
INFO:[08/25/2023 02:06:35 PM]: ... (quantidade_municipios_IBGE) executada para download no arquivo/tabela (02_tb_ibge_quantidade_municipios_2022) 
Com tempo de (00:00:00)h:mim:s ...
INFO:[08/25/2023 02:06:36 PM]: ... (valor_pib_industrial_IBGE) executada para download no arquivo/tabela (03_tb_ibge_valor_pib_industrial_2022) 
Com tempo de (00:00:00)h:mim:s ...
INFO:[08/25/2023 02:06:36 PM]: ... (valor_area_territorial_IBGE) executada para download no arquivo/tabela (04_tb_ibge_valor_area_territorial_2022) 
Com tempo de (00:00:00)h:mim:s ...
INFO:[08/25/2023 02:06:37 PM]: ... (unidades_conservacao_ICMBIO) executada para download no arquivo/tabela (05_tb_icmbio_unidades_conservacao_2022) 
Com tempo de (00:00:01)h:mim:s ...
INFO:[08/25/2023 02:06:37 PM]: ### O processo total (sequencia_agregados_IBGE) de Dados baixados para cria��o da vari�vel estruturante foi finalizado... 
 Com tempo de (00:00:01)h:mim:s ###
INFO:[08/25/2023 02:07:01 PM]: ... (var_ECON) executada para download no arquivo/tabela (18_tb_economia_ECON) 
Com tempo de (00:00:00)h:mim:s ...
INFO:[08/25/2023 02:10:13 PM]: ... (municipios_faixas_fronteiras_IBGE_GEO) executada para download no arquivo/tabela (11_tb_ibge_municipios_faixas_fronteiras_2022_GEO) 
Com tempo de (00:00:00)h:mim:s ...
INFO:[08/25/2023 02:10:13 PM]: ... (capacidade_instalada_ANEEL_ENERG) executada para download no arquivo/tabela (12_tb_aneel_capacidade_instalada_2023_ENERG) 
Com tempo de (00:00:00)h:mim:s ...
INFO:[08/25/2023 02:10:14 PM]: ... (rede_pavimentada_DNIT_TRANSP) executada para download no arquivo/tabela (13_tb_denit_rede_pavimentada_2023_TRANSP) 
Com tempo de (00:00:00)h:mim:s ...
WARNING:[08/25/2023 02:10:23 PM]: Got stderr: ago 25, 2023 2:10:17 PM org.apache.pdfbox.pdmodel.font.PDSimpleFont toUnicode

ADVERT�NCIA: No Unicode mapping for 415 (80) in font RGKAGL+Calibri


INFO:[08/25/2023 02:10:23 PM]: ... (agencias_correios_SBC_TELECON) executada para download no arquivo/tabela (14_tb_correios_agencias_2019_TELECON) 
Com tempo de (00:00:09)h:mim:s ...
INFO:[08/25/2023 02:10:24 PM]: O arquivo D:\13_Proj\Projeto_ETL_RFB_IBGE_ANP\files\dados_var_estruturantes\OUTPUT_FILES\14_tb_anatel_rede_fibra_otica_2023_TELECON.zip foi baixado com sucesso.
INFO:[08/25/2023 02:10:24 PM]: ... (rede_fribra_otica_ANATEL_TELECON) executada para download no arquivo/tabela (14_tb_anatel_rede_fibra_otica_2023_TELECON) 
Com tempo de (00:00:00)h:mim:s ...
INFO:[08/25/2023 02:10:24 PM]: ... (var_TELECON) executada para download no arquivo/tabela (14_tb_telecomunicacoes_TELECON) 
Com tempo de (00:00:10)h:mim:s ...
INFO:[08/25/2023 02:10:25 PM]: O arquivo D:\13_Proj\Projeto_ETL_RFB_IBGE_ANP\files\dados_var_estruturantes\OUTPUT_FILES\15_tb_ibge_rede_abatecimento_agua_2017_SNB.zip foi baixado com sucesso.
INFO:[08/25/2023 02:10:25 PM]: O arquivo D:\13_Proj\Projeto_ETL_RFB_IBGE_ANP\files\dados_var_estruturantes\OUTPUT_FILES\15_tb_ibge_rede_esgoto_sanitario_2017_SNB.zip foi baixado com sucesso.
INFO:[08/25/2023 02:10:25 PM]: ... (agua_esgoto_IBGE_SNB) executada para download no arquivo/tabela (15_tb_ibge_rede_agua_esgoto_2017_SNB) 
Com tempo de (00:00:00)h:mim:s ...
INFO:[08/25/2023 02:10:45 PM]: ... (ocorrencias_criminais_MJSP_SEG) executada para download no arquivo/tabela (16_tb_mjsp_ocorrencias_criminais_2022_SEG) 
Com tempo de (00:00:19)h:mim:s ...
INFO:[08/25/2023 02:13:53 PM]: ... (estabelecimentos_per_capita_RFB) executada para download no arquivo/tabela (17_tb_rfb_estabelecimentos_per_capita_2023) 
Com tempo de (00:03:08)h:mim:s ...
INFO:[08/25/2023 02:13:53 PM]: ... (var_ECON) executada para download no arquivo/tabela (18_tb_economia_ECON) 
Com tempo de (00:00:00)h:mim:s ...
INFO:[08/25/2023 02:13:53 PM]: ### O processo total (sequencia_dados_variaveis) de Dados baixados para cria��o da vari�vel estruturante foi finalizado... 
 Com tempo de (00:03:41)h:mim:s ###
INFO:[08/25/2023 03:18:32 PM]: ... (tabela_var_estruturantes_final) executada para download no arquivo/tabela (20_tabela_var_estruturantes_final.csv) 
Com tempo de (00:00:00)h:mim:s ...
